<?xml version="1.0" encoding="UTF-8"?>
<coverage generated="1542352850564" clover="3.2.0">
  <project timestamp="1542352850564" name="All files">
    <metrics statements="611" coveredstatements="493" conditionals="241" coveredconditionals="134" methods="204" coveredmethods="152" elements="1056" coveredelements="779" complexity="0" loc="611" ncloc="611" packages="13" files="28" classes="28">
      <package name="src">
        <metrics statements="50" coveredstatements="49" conditionals="10" coveredconditionals="9" methods="21" coveredmethods="20"/>
        <file name="App.vue" path="C:\WWWR00T\test\bootstrap\bootstrap-frontend-vue-auth\src\App.vue">
          <metrics statements="47" coveredstatements="46" conditionals="10" coveredconditionals="9" methods="21" coveredmethods="20"/>
          <line num="35" count="2" type="stmt"/>
          <line num="36" count="2" type="stmt"/>
          <line num="37" count="2" type="stmt"/>
          <line num="38" count="2" type="stmt"/>
          <line num="39" count="2" type="stmt"/>
          <line num="40" count="2" type="stmt"/>
          <line num="41" count="2" type="stmt"/>
          <line num="42" count="2" type="stmt"/>
          <line num="44" count="2" type="stmt"/>
          <line num="45" count="2" type="stmt"/>
          <line num="46" count="2" type="stmt"/>
          <line num="51" count="7" type="stmt"/>
          <line num="61" count="7" type="stmt"/>
          <line num="62" count="7" type="stmt"/>
          <line num="64" count="15" type="stmt"/>
          <line num="65" count="15" type="stmt"/>
          <line num="67" count="16" type="stmt"/>
          <line num="68" count="14" type="stmt"/>
          <line num="69" count="7" type="stmt"/>
          <line num="70" count="5" type="stmt"/>
          <line num="74" count="7" type="stmt"/>
          <line num="78" count="0" type="stmt"/>
          <line num="83" count="7" type="cond" truecount="1" falsecount="1"/>
          <line num="92" count="13" type="stmt"/>
          <line num="96" count="13" type="cond" truecount="2" falsecount="0"/>
          <line num="97" count="6" type="stmt"/>
          <line num="99" count="13" type="stmt"/>
          <line num="100" count="25" type="cond" truecount="2" falsecount="0"/>
          <line num="101" count="11" type="stmt"/>
          <line num="105" count="25" type="cond" truecount="4" falsecount="0"/>
          <line num="106" count="11" type="stmt"/>
          <line num="108" count="25" type="stmt"/>
          <line num="111" count="25" type="stmt"/>
          <line num="115" count="8" type="stmt"/>
          <line num="118" count="7" type="stmt"/>
          <line num="119" count="7" type="stmt"/>
          <line num="120" count="7" type="stmt"/>
          <line num="123" count="8" type="stmt"/>
          <line num="124" count="8" type="stmt"/>
          <line num="125" count="8" type="stmt"/>
          <line num="128" count="8" type="stmt"/>
          <line num="131" count="6" type="stmt"/>
          <line num="134" count="1" type="stmt"/>
          <line num="135" count="1" type="stmt"/>
          <line num="138" count="1" type="stmt"/>
          <line num="141" count="1" type="stmt"/>
          <line num="144" count="1" type="stmt"/>
        </file>
        <file name="initialization.js" path="C:\WWWR00T\test\bootstrap\bootstrap-frontend-vue-auth\src\initialization.js">
          <metrics statements="3" coveredstatements="3" conditionals="0" coveredconditionals="0" methods="0" coveredmethods="0"/>
          <line num="9" count="1" type="stmt"/>
          <line num="10" count="1" type="stmt"/>
          <line num="11" count="1" type="stmt"/>
        </file>
      </package>
      <package name="src.api">
        <metrics statements="92" coveredstatements="91" conditionals="28" coveredconditionals="25" methods="22" coveredmethods="22"/>
        <file name="index.js" path="C:\WWWR00T\test\bootstrap\bootstrap-frontend-vue-auth\src\api\index.js">
          <metrics statements="92" coveredstatements="91" conditionals="28" coveredconditionals="25" methods="22" coveredmethods="22"/>
          <line num="6" count="26" type="stmt"/>
          <line num="18" count="26" type="stmt"/>
          <line num="19" count="9" type="stmt"/>
          <line num="20" count="9" type="stmt"/>
          <line num="23" count="26" type="stmt"/>
          <line num="24" count="5" type="stmt"/>
          <line num="25" count="5" type="stmt"/>
          <line num="28" count="26" type="stmt"/>
          <line num="29" count="5" type="stmt"/>
          <line num="32" count="26" type="stmt"/>
          <line num="33" count="20" type="stmt"/>
          <line num="34" count="20" type="stmt"/>
          <line num="37" count="26" type="stmt"/>
          <line num="38" count="12" type="stmt"/>
          <line num="39" count="12" type="stmt"/>
          <line num="42" count="26" type="stmt"/>
          <line num="43" count="18" type="stmt"/>
          <line num="46" count="26" type="stmt"/>
          <line num="47" count="9" type="stmt"/>
          <line num="50" count="26" type="stmt"/>
          <line num="51" count="2" type="stmt"/>
          <line num="54" count="26" type="stmt"/>
          <line num="55" count="15" type="stmt"/>
          <line num="56" count="15" type="stmt"/>
          <line num="57" count="15" type="stmt"/>
          <line num="58" count="15" type="cond" truecount="1" falsecount="1"/>
          <line num="59" count="15" type="cond" truecount="2" falsecount="0"/>
          <line num="60" count="13" type="stmt"/>
          <line num="61" count="13" type="stmt"/>
          <line num="63" count="15" type="cond" truecount="2" falsecount="0"/>
          <line num="64" count="4" type="stmt"/>
          <line num="65" count="4" type="stmt"/>
          <line num="66" count="4" type="stmt"/>
          <line num="71" count="26" type="stmt"/>
          <line num="72" count="19" type="cond" truecount="2" falsecount="0"/>
          <line num="73" count="19" type="cond" truecount="1" falsecount="1"/>
          <line num="74" count="0" type="stmt"/>
          <line num="76" count="19" type="stmt"/>
          <line num="77" count="19" type="stmt"/>
          <line num="78" count="19" type="cond" truecount="2" falsecount="0"/>
          <line num="79" count="16" type="cond" truecount="3" falsecount="1"/>
          <line num="80" count="16" type="stmt"/>
          <line num="82" count="16" type="stmt"/>
          <line num="83" count="3" type="cond" truecount="2" falsecount="0"/>
          <line num="84" count="1" type="stmt"/>
          <line num="85" count="1" type="stmt"/>
          <line num="87" count="19" type="stmt"/>
          <line num="88" count="19" type="stmt"/>
          <line num="89" count="19" type="stmt"/>
          <line num="91" count="19" type="cond" truecount="2" falsecount="0"/>
          <line num="92" count="3" type="stmt"/>
          <line num="93" count="3" type="stmt"/>
          <line num="94" count="3" type="stmt"/>
          <line num="98" count="26" type="stmt"/>
          <line num="99" count="32" type="stmt"/>
          <line num="100" count="32" type="stmt"/>
          <line num="101" count="32" type="stmt"/>
          <line num="102" count="32" type="stmt"/>
          <line num="103" count="32" type="stmt"/>
          <line num="104" count="32" type="stmt"/>
          <line num="105" count="32" type="stmt"/>
          <line num="106" count="32" type="stmt"/>
          <line num="108" count="12" type="stmt"/>
          <line num="109" count="12" type="stmt"/>
          <line num="112" count="20" type="stmt"/>
          <line num="113" count="20" type="cond" truecount="2" falsecount="0"/>
          <line num="122" count="3" type="stmt"/>
          <line num="123" count="3" type="stmt"/>
          <line num="124" count="3" type="stmt"/>
          <line num="132" count="2" type="stmt"/>
          <line num="134" count="2" type="stmt"/>
          <line num="135" count="2" type="stmt"/>
          <line num="137" count="1" type="stmt"/>
          <line num="138" count="1" type="stmt"/>
          <line num="141" count="1" type="stmt"/>
          <line num="142" count="1" type="stmt"/>
          <line num="147" count="1" type="stmt"/>
          <line num="148" count="1" type="stmt"/>
          <line num="151" count="17" type="stmt"/>
          <line num="152" count="17" type="stmt"/>
          <line num="158" count="26" type="stmt"/>
          <line num="159" count="13" type="stmt"/>
          <line num="163" count="13" type="stmt"/>
          <line num="166" count="26" type="stmt"/>
          <line num="167" count="17" type="stmt"/>
          <line num="172" count="17" type="stmt"/>
          <line num="175" count="26" type="stmt"/>
          <line num="176" count="1" type="stmt"/>
          <line num="181" count="1" type="stmt"/>
          <line num="184" count="26" type="stmt"/>
          <line num="185" count="1" type="stmt"/>
          <line num="190" count="1" type="stmt"/>
        </file>
      </package>
      <package name="src.components.app">
        <metrics statements="23" coveredstatements="23" conditionals="12" coveredconditionals="12" methods="13" coveredmethods="13"/>
        <file name="breadcrumbs.vue" path="C:\WWWR00T\test\bootstrap\bootstrap-frontend-vue-auth\src\components\app\breadcrumbs.vue">
          <metrics statements="1" coveredstatements="1" conditionals="0" coveredconditionals="0" methods="1" coveredmethods="1"/>
          <line num="24" count="1" type="stmt"/>
        </file>
        <file name="message.vue" path="C:\WWWR00T\test\bootstrap\bootstrap-frontend-vue-auth\src\components\app\message.vue">
          <metrics statements="3" coveredstatements="3" conditionals="2" coveredconditionals="2" methods="3" coveredmethods="3"/>
          <line num="22" count="6" type="stmt"/>
          <line num="28" count="8" type="cond" truecount="2" falsecount="0"/>
          <line num="48" count="3" type="stmt"/>
        </file>
        <file name="scroll-top.vue" path="C:\WWWR00T\test\bootstrap\bootstrap-frontend-vue-auth\src\components\app\scroll-top.vue">
          <metrics statements="8" coveredstatements="8" conditionals="2" coveredconditionals="2" methods="5" coveredmethods="5"/>
          <line num="32" count="1" type="stmt"/>
          <line num="52" count="1" type="stmt"/>
          <line num="60" count="2" type="stmt"/>
          <line num="62" count="1" type="stmt"/>
          <line num="63" count="1" type="stmt"/>
          <line num="64" count="6" type="cond" truecount="2" falsecount="0"/>
          <line num="65" count="5" type="stmt"/>
          <line num="67" count="1" type="stmt"/>
        </file>
        <file name="spinner.vue" path="C:\WWWR00T\test\bootstrap\bootstrap-frontend-vue-auth\src\components\app\spinner.vue">
          <metrics statements="11" coveredstatements="11" conditionals="8" coveredconditionals="8" methods="4" coveredmethods="4"/>
          <line num="47" count="1" type="stmt"/>
          <line num="53" count="3" type="stmt"/>
          <line num="54" count="3" type="stmt"/>
          <line num="55" count="3" type="cond" truecount="4" falsecount="0"/>
          <line num="56" count="2" type="stmt"/>
          <line num="57" count="1" type="stmt"/>
          <line num="60" count="3" type="cond" truecount="4" falsecount="0"/>
          <line num="61" count="1" type="stmt"/>
          <line num="62" count="1" type="stmt"/>
          <line num="77" count="1" type="stmt"/>
          <line num="78" count="1" type="stmt"/>
        </file>
      </package>
      <package name="src.config">
        <metrics statements="5" coveredstatements="5" conditionals="2" coveredconditionals="1" methods="0" coveredmethods="0"/>
        <file name="index.js" path="C:\WWWR00T\test\bootstrap\bootstrap-frontend-vue-auth\src\config\index.js">
          <metrics statements="5" coveredstatements="5" conditionals="2" coveredconditionals="1" methods="0" coveredmethods="0"/>
          <line num="1" count="15" type="stmt"/>
          <line num="9" count="15" type="stmt"/>
          <line num="13" count="15" type="stmt"/>
          <line num="15" count="15" type="stmt"/>
          <line num="21" count="15" type="cond" truecount="1" falsecount="1"/>
        </file>
      </package>
      <package name="src.event-bus">
        <metrics statements="7" coveredstatements="5" conditionals="0" coveredconditionals="0" methods="2" coveredmethods="0"/>
        <file name="index.js" path="C:\WWWR00T\test\bootstrap\bootstrap-frontend-vue-auth\src\event-bus\index.js">
          <metrics statements="7" coveredstatements="5" conditionals="0" coveredconditionals="0" methods="2" coveredmethods="0"/>
          <line num="5" count="26" type="stmt"/>
          <line num="6" count="26" type="stmt"/>
          <line num="17" count="26" type="stmt"/>
          <line num="19" count="26" type="stmt"/>
          <line num="20" count="0" type="stmt"/>
          <line num="22" count="26" type="stmt"/>
          <line num="23" count="0" type="stmt"/>
        </file>
      </package>
      <package name="src.lib">
        <metrics statements="40" coveredstatements="22" conditionals="34" coveredconditionals="4" methods="25" coveredmethods="12"/>
        <file name="local-storage.js" path="C:\WWWR00T\test\bootstrap\bootstrap-frontend-vue-auth\src\lib\local-storage.js">
          <metrics statements="9" coveredstatements="8" conditionals="2" coveredconditionals="2" methods="5" coveredmethods="5"/>
          <line num="2" count="52" type="stmt"/>
          <line num="6" count="48" type="cond" truecount="2" falsecount="0"/>
          <line num="7" count="13" type="stmt"/>
          <line num="8" count="13" type="stmt"/>
          <line num="10" count="0" type="stmt"/>
          <line num="13" count="35" type="stmt"/>
          <line num="18" count="46" type="stmt"/>
          <line num="22" count="6" type="stmt"/>
          <line num="26" count="1" type="stmt"/>
        </file>
        <file name="session-storage.js" path="C:\WWWR00T\test\bootstrap\bootstrap-frontend-vue-auth\src\lib\session-storage.js">
          <metrics statements="10" coveredstatements="8" conditionals="2" coveredconditionals="2" methods="5" coveredmethods="5"/>
          <line num="2" count="15" type="stmt"/>
          <line num="6" count="11" type="cond" truecount="2" falsecount="0"/>
          <line num="7" count="5" type="stmt"/>
          <line num="8" count="5" type="stmt"/>
          <line num="10" count="0" type="stmt"/>
          <line num="11" count="0" type="stmt"/>
          <line num="14" count="6" type="stmt"/>
          <line num="19" count="5" type="stmt"/>
          <line num="23" count="2" type="stmt"/>
          <line num="27" count="1" type="stmt"/>
        </file>
        <file name="validation.js" path="C:\WWWR00T\test\bootstrap\bootstrap-frontend-vue-auth\src\lib\validation.js">
          <metrics statements="21" coveredstatements="6" conditionals="30" coveredconditionals="0" methods="15" coveredmethods="2"/>
          <line num="1" count="8" type="stmt"/>
          <line num="2" count="0" type="cond" truecount="0" falsecount="2"/>
          <line num="3" count="0" type="cond" truecount="0" falsecount="2"/>
          <line num="4" count="0" type="cond" truecount="0" falsecount="3"/>
          <line num="5" count="0" type="cond" truecount="0" falsecount="3"/>
          <line num="6" count="0" type="cond" truecount="0" falsecount="2"/>
          <line num="7" count="0" type="cond" truecount="0" falsecount="2"/>
          <line num="9" count="0" type="cond" truecount="0" falsecount="2"/>
          <line num="10" count="0" type="cond" truecount="0" falsecount="2"/>
          <line num="12" count="0" type="cond" truecount="0" falsecount="2"/>
          <line num="15" count="0" type="cond" truecount="0" falsecount="2"/>
          <line num="20" count="8" type="stmt"/>
          <line num="21" count="2" type="stmt"/>
          <line num="22" count="0" type="cond" truecount="0" falsecount="2"/>
          <line num="25" count="8" type="stmt"/>
          <line num="26" count="2" type="stmt"/>
          <line num="27" count="0" type="cond" truecount="0" falsecount="2"/>
          <line num="31" count="8" type="stmt"/>
          <line num="32" count="0" type="cond" truecount="0" falsecount="2"/>
          <line num="33" count="0" type="cond" truecount="0" falsecount="2"/>
          <line num="35" count="0" type="stmt"/>
        </file>
      </package>
      <package name="src.router">
        <metrics statements="40" coveredstatements="24" conditionals="16" coveredconditionals="7" methods="7" coveredmethods="4"/>
        <file name="activator.js" path="C:\WWWR00T\test\bootstrap\bootstrap-frontend-vue-auth\src\router\activator.js">
          <metrics statements="8" coveredstatements="8" conditionals="0" coveredconditionals="0" methods="1" coveredmethods="1"/>
          <line num="6" count="3" type="stmt"/>
          <line num="7" count="3" type="stmt"/>
          <line num="8" count="3" type="stmt"/>
          <line num="9" count="1" type="stmt"/>
          <line num="10" count="1" type="stmt"/>
          <line num="11" count="1" type="stmt"/>
          <line num="12" count="1" type="stmt"/>
          <line num="14" count="2" type="stmt"/>
        </file>
        <file name="index.js" path="C:\WWWR00T\test\bootstrap\bootstrap-frontend-vue-auth\src\router\index.js">
          <metrics statements="32" coveredstatements="16" conditionals="16" coveredconditionals="7" methods="6" coveredmethods="3"/>
          <line num="6" count="8" type="stmt"/>
          <line num="9" count="64" type="stmt"/>
          <line num="12" count="8" type="stmt"/>
          <line num="13" count="9" type="cond" truecount="2" falsecount="0"/>
          <line num="14" count="8" type="stmt"/>
          <line num="15" count="8" type="stmt"/>
          <line num="17" count="1" type="stmt"/>
          <line num="20" count="8" type="stmt"/>
          <line num="21" count="15" type="cond" truecount="2" falsecount="0"/>
          <line num="22" count="4" type="cond" truecount="1" falsecount="1"/>
          <line num="23" count="0" type="stmt"/>
          <line num="24" count="0" type="stmt"/>
          <line num="26" count="4" type="stmt"/>
          <line num="28" count="4" type="stmt"/>
          <line num="30" count="11" type="stmt"/>
          <line num="32" count="8" type="stmt"/>
          <line num="33" count="0" type="cond" truecount="0" falsecount="2"/>
          <line num="34" count="0" type="stmt"/>
          <line num="35" count="0" type="stmt"/>
          <line num="37" count="0" type="stmt"/>
          <line num="90" count="0" type="stmt"/>
          <line num="91" count="0" type="cond" truecount="0" falsecount="2"/>
          <line num="92" count="0" type="stmt"/>
          <line num="94" count="0" type="stmt"/>
          <line num="102" count="0" type="cond" truecount="0" falsecount="2"/>
          <line num="103" count="0" type="stmt"/>
          <line num="104" count="0" type="stmt"/>
          <line num="105" count="0" type="stmt"/>
          <line num="107" count="0" type="stmt"/>
          <line num="116" count="8" type="cond" truecount="2" falsecount="2"/>
          <line num="117" count="0" type="stmt"/>
          <line num="119" count="8" type="stmt"/>
        </file>
      </package>
      <package name="src.store">
        <metrics statements="20" coveredstatements="20" conditionals="2" coveredconditionals="2" methods="5" coveredmethods="5"/>
        <file name="index.js" path="C:\WWWR00T\test\bootstrap\bootstrap-frontend-vue-auth\src\store\index.js">
          <metrics statements="20" coveredstatements="20" conditionals="2" coveredconditionals="2" methods="5" coveredmethods="5"/>
          <line num="6" count="10" type="stmt"/>
          <line num="8" count="10" type="stmt"/>
          <line num="9" count="10" type="stmt"/>
          <line num="10" count="1" type="stmt"/>
          <line num="11" count="11" type="stmt"/>
          <line num="13" count="10" type="stmt"/>
          <line num="15" count="10" type="stmt"/>
          <line num="17" count="10" type="stmt"/>
          <line num="28" count="10" type="stmt"/>
          <line num="29" count="6" type="stmt"/>
          <line num="30" count="6" type="stmt"/>
          <line num="33" count="10" type="stmt"/>
          <line num="34" count="1" type="stmt"/>
          <line num="35" count="1" type="stmt"/>
          <line num="36" count="1" type="stmt"/>
          <line num="39" count="10" type="cond" truecount="2" falsecount="0"/>
          <line num="40" count="1" type="stmt"/>
          <line num="41" count="1" type="stmt"/>
          <line num="42" count="1" type="stmt"/>
          <line num="43" count="1" type="stmt"/>
        </file>
      </package>
      <package name="src.store.modules">
        <metrics statements="37" coveredstatements="37" conditionals="4" coveredconditionals="3" methods="14" coveredmethods="14"/>
        <file name="account.js" path="C:\WWWR00T\test\bootstrap\bootstrap-frontend-vue-auth\src\store\modules\account.js">
          <metrics statements="37" coveredstatements="37" conditionals="4" coveredconditionals="3" methods="14" coveredmethods="14"/>
          <line num="6" count="12" type="stmt"/>
          <line num="7" count="36" type="stmt"/>
          <line num="10" count="12" type="stmt"/>
          <line num="11" count="30" type="stmt"/>
          <line num="14" count="12" type="stmt"/>
          <line num="15" count="4" type="stmt"/>
          <line num="18" count="12" type="stmt"/>
          <line num="24" count="12" type="stmt"/>
          <line num="25" count="2" type="stmt"/>
          <line num="26" count="1" type="stmt"/>
          <line num="27" count="1" type="stmt"/>
          <line num="28" count="4" type="stmt"/>
          <line num="29" count="11" type="cond" truecount="2" falsecount="0"/>
          <line num="32" count="12" type="stmt"/>
          <line num="34" count="4" type="stmt"/>
          <line num="35" count="4" type="stmt"/>
          <line num="38" count="7" type="stmt"/>
          <line num="39" count="7" type="stmt"/>
          <line num="42" count="7" type="stmt"/>
          <line num="43" count="7" type="stmt"/>
          <line num="46" count="4" type="stmt"/>
          <line num="47" count="4" type="stmt"/>
          <line num="48" count="4" type="stmt"/>
          <line num="49" count="4" type="stmt"/>
          <line num="50" count="4" type="stmt"/>
          <line num="51" count="4" type="stmt"/>
          <line num="52" count="4" type="stmt"/>
          <line num="53" count="4" type="stmt"/>
          <line num="54" count="4" type="stmt"/>
          <line num="57" count="2" type="stmt"/>
          <line num="58" count="2" type="stmt"/>
          <line num="59" count="2" type="stmt"/>
          <line num="60" count="2" type="stmt"/>
          <line num="61" count="2" type="stmt"/>
          <line num="62" count="2" type="stmt"/>
          <line num="65" count="3" type="cond" truecount="1" falsecount="1"/>
          <line num="66" count="3" type="stmt"/>
        </file>
      </package>
      <package name="src.traits">
        <metrics statements="82" coveredstatements="53" conditionals="25" coveredconditionals="13" methods="15" coveredmethods="8"/>
        <file name="formatting.js" path="C:\WWWR00T\test\bootstrap\bootstrap-frontend-vue-auth\src\traits\formatting.js">
          <metrics statements="82" coveredstatements="53" conditionals="25" coveredconditionals="13" methods="15" coveredmethods="8"/>
          <line num="25" count="10" type="stmt"/>
          <line num="26" count="10" type="stmt"/>
          <line num="28" count="10" type="stmt"/>
          <line num="29" count="10" type="stmt"/>
          <line num="32" count="6" type="stmt"/>
          <line num="33" count="6" type="cond" truecount="1" falsecount="1"/>
          <line num="34" count="6" type="stmt"/>
          <line num="35" count="6" type="cond" truecount="2" falsecount="0"/>
          <line num="36" count="6" type="stmt"/>
          <line num="37" count="6" type="stmt"/>
          <line num="38" count="6" type="stmt"/>
          <line num="42" count="4" type="stmt"/>
          <line num="49" count="0" type="stmt"/>
          <line num="53" count="3" type="stmt"/>
          <line num="67" count="3" type="stmt"/>
          <line num="70" count="2" type="stmt"/>
          <line num="84" count="2" type="stmt"/>
          <line num="87" count="4" type="stmt"/>
          <line num="90" count="1" type="stmt"/>
          <line num="93" count="1" type="stmt"/>
          <line num="96" count="1" type="stmt"/>
          <line num="100" count="0" type="cond" truecount="0" falsecount="4"/>
          <line num="101" count="0" type="stmt"/>
          <line num="103" count="0" type="cond" truecount="0" falsecount="5"/>
          <line num="105" count="0" type="stmt"/>
          <line num="109" count="0" type="stmt"/>
          <line num="111" count="0" type="stmt"/>
          <line num="116" count="0" type="stmt"/>
          <line num="120" count="0" type="stmt"/>
          <line num="124" count="0" type="stmt"/>
          <line num="128" count="0" type="stmt"/>
          <line num="132" count="0" type="stmt"/>
          <line num="138" count="2" type="cond" truecount="2" falsecount="0"/>
          <line num="139" count="1" type="stmt"/>
          <line num="141" count="1" type="stmt"/>
          <line num="145" count="2" type="cond" truecount="2" falsecount="0"/>
          <line num="146" count="1" type="stmt"/>
          <line num="148" count="1" type="stmt"/>
          <line num="152" count="2" type="cond" truecount="2" falsecount="0"/>
          <line num="153" count="1" type="stmt"/>
          <line num="155" count="1" type="stmt"/>
          <line num="159" count="4" type="cond" truecount="2" falsecount="0"/>
          <line num="160" count="1" type="stmt"/>
          <line num="162" count="3" type="stmt"/>
          <line num="166" count="1" type="cond" truecount="1" falsecount="1"/>
          <line num="167" count="1" type="stmt"/>
          <line num="169" count="0" type="stmt"/>
          <line num="173" count="1" type="cond" truecount="1" falsecount="1"/>
          <line num="174" count="1" type="stmt"/>
          <line num="176" count="0" type="stmt"/>
          <line num="180" count="1" type="stmt"/>
          <line num="181" count="1" type="stmt"/>
          <line num="182" count="1" type="stmt"/>
          <line num="183" count="1" type="stmt"/>
          <line num="184" count="1" type="stmt"/>
          <line num="185" count="1" type="stmt"/>
          <line num="188" count="6" type="stmt"/>
          <line num="191" count="0" type="stmt"/>
          <line num="194" count="0" type="stmt"/>
          <line num="197" count="0" type="stmt"/>
          <line num="200" count="0" type="stmt"/>
          <line num="203" count="0" type="stmt"/>
          <line num="206" count="1" type="stmt"/>
          <line num="209" count="1" type="stmt"/>
          <line num="212" count="1" type="stmt"/>
          <line num="215" count="1" type="stmt"/>
          <line num="220" count="2" type="stmt"/>
          <line num="223" count="2" type="stmt"/>
          <line num="226" count="1" type="stmt"/>
          <line num="229" count="1" type="stmt"/>
          <line num="232" count="1" type="stmt"/>
          <line num="235" count="1" type="stmt"/>
          <line num="238" count="0" type="stmt"/>
          <line num="241" count="0" type="stmt"/>
          <line num="244" count="0" type="stmt"/>
          <line num="247" count="0" type="stmt"/>
          <line num="250" count="0" type="stmt"/>
          <line num="253" count="0" type="stmt"/>
          <line num="256" count="0" type="stmt"/>
          <line num="259" count="0" type="stmt"/>
          <line num="262" count="0" type="stmt"/>
          <line num="265" count="0" type="stmt"/>
        </file>
      </package>
      <package name="src.views">
        <metrics statements="174" coveredstatements="126" conditionals="94" coveredconditionals="48" methods="61" coveredmethods="36"/>
        <file name="about.vue" path="C:\WWWR00T\test\bootstrap\bootstrap-frontend-vue-auth\src\views\about.vue">
          <metrics statements="4" coveredstatements="4" conditionals="0" coveredconditionals="0" methods="1" coveredmethods="1"/>
          <line num="37" count="9" type="stmt"/>
          <line num="38" count="9" type="stmt"/>
          <line num="39" count="9" type="stmt"/>
          <line num="44" count="1" type="stmt"/>
        </file>
        <file name="change-password.vue" path="C:\WWWR00T\test\bootstrap\bootstrap-frontend-vue-auth\src\views\change-password.vue">
          <metrics statements="29" coveredstatements="28" conditionals="18" coveredconditionals="12" methods="10" coveredmethods="9"/>
          <line num="56" count="8" type="stmt"/>
          <line num="57" count="8" type="stmt"/>
          <line num="58" count="8" type="stmt"/>
          <line num="59" count="8" type="stmt"/>
          <line num="60" count="8" type="stmt"/>
          <line num="61" count="8" type="stmt"/>
          <line num="62" count="8" type="stmt"/>
          <line num="66" count="1" type="stmt"/>
          <line num="67" count="1" type="stmt"/>
          <line num="85" count="0" type="cond" truecount="0" falsecount="2"/>
          <line num="91" count="3" type="stmt"/>
          <line num="92" count="3" type="stmt"/>
          <line num="93" count="3" type="stmt"/>
          <line num="94" count="3" type="stmt"/>
          <line num="97" count="65" type="cond" truecount="7" falsecount="3"/>
          <line num="98" count="3" type="stmt"/>
          <line num="100" count="3" type="stmt"/>
          <line num="105" count="3" type="stmt"/>
          <line num="114" count="1" type="stmt"/>
          <line num="115" count="1" type="stmt"/>
          <line num="117" count="2" type="stmt"/>
          <line num="121" count="6" type="stmt"/>
          <line num="124" count="2" type="cond" truecount="2" falsecount="0"/>
          <line num="125" count="1" type="stmt"/>
          <line num="127" count="1" type="stmt"/>
          <line num="137" count="39" type="cond" truecount="1" falsecount="1"/>
          <line num="138" count="39" type="stmt"/>
          <line num="140" count="9" type="stmt"/>
          <line num="143" count="3" type="cond" truecount="2" falsecount="0"/>
        </file>
        <file name="login.vue" path="C:\WWWR00T\test\bootstrap\bootstrap-frontend-vue-auth\src\views\login.vue">
          <metrics statements="50" coveredstatements="49" conditionals="36" coveredconditionals="24" methods="15" coveredmethods="15"/>
          <line num="112" count="8" type="stmt"/>
          <line num="113" count="8" type="stmt"/>
          <line num="114" count="8" type="stmt"/>
          <line num="115" count="8" type="stmt"/>
          <line num="116" count="8" type="stmt"/>
          <line num="117" count="8" type="stmt"/>
          <line num="118" count="8" type="stmt"/>
          <line num="119" count="8" type="stmt"/>
          <line num="120" count="8" type="stmt"/>
          <line num="125" count="1" type="stmt"/>
          <line num="137" count="4" type="stmt"/>
          <line num="138" count="4" type="stmt"/>
          <line num="139" count="4" type="stmt"/>
          <line num="140" count="4" type="stmt"/>
          <line num="143" count="3" type="stmt"/>
          <line num="144" count="3" type="stmt"/>
          <line num="145" count="3" type="stmt"/>
          <line num="146" count="3" type="stmt"/>
          <line num="149" count="3" type="stmt"/>
          <line num="150" count="3" type="stmt"/>
          <line num="151" count="3" type="stmt"/>
          <line num="152" count="3" type="stmt"/>
          <line num="155" count="81" type="cond" truecount="7" falsecount="3"/>
          <line num="157" count="4" type="stmt"/>
          <line num="162" count="4" type="stmt"/>
          <line num="166" count="1" type="stmt"/>
          <line num="170" count="1" type="stmt"/>
          <line num="171" count="1" type="stmt"/>
          <line num="172" count="1" type="stmt"/>
          <line num="173" count="1" type="stmt"/>
          <line num="174" count="1" type="stmt"/>
          <line num="176" count="3" type="stmt"/>
          <line num="180" count="68" type="cond" truecount="7" falsecount="3"/>
          <line num="182" count="3" type="stmt"/>
          <line num="187" count="3" type="stmt"/>
          <line num="191" count="1" type="stmt"/>
          <line num="193" count="2" type="stmt"/>
          <line num="196" count="68" type="cond" truecount="7" falsecount="3"/>
          <line num="198" count="3" type="stmt"/>
          <line num="203" count="3" type="stmt"/>
          <line num="207" count="1" type="stmt"/>
          <line num="209" count="2" type="stmt"/>
          <line num="214" count="10" type="stmt"/>
          <line num="217" count="7" type="cond" truecount="1" falsecount="1"/>
          <line num="218" count="0" type="stmt"/>
          <line num="220" count="7" type="stmt"/>
          <line num="234" count="132" type="cond" truecount="1" falsecount="1"/>
          <line num="235" count="132" type="stmt"/>
          <line num="237" count="120" type="stmt"/>
          <line num="240" count="45" type="cond" truecount="1" falsecount="1"/>
        </file>
        <file name="profile.vue" path="C:\WWWR00T\test\bootstrap\bootstrap-frontend-vue-auth\src\views\profile.vue">
          <metrics statements="30" coveredstatements="7" conditionals="6" coveredconditionals="0" methods="12" coveredmethods="0"/>
          <line num="38" count="8" type="stmt"/>
          <line num="39" count="8" type="stmt"/>
          <line num="40" count="8" type="stmt"/>
          <line num="41" count="8" type="stmt"/>
          <line num="42" count="8" type="stmt"/>
          <line num="43" count="8" type="stmt"/>
          <line num="44" count="8" type="stmt"/>
          <line num="49" count="0" type="stmt"/>
          <line num="60" count="0" type="stmt"/>
          <line num="64" count="0" type="cond" truecount="0" falsecount="2"/>
          <line num="65" count="0" type="stmt"/>
          <line num="67" count="0" type="stmt"/>
          <line num="70" count="0" type="stmt"/>
          <line num="75" count="0" type="stmt"/>
          <line num="78" count="0" type="cond" truecount="0" falsecount="2"/>
          <line num="79" count="0" type="stmt"/>
          <line num="81" count="0" type="stmt"/>
          <line num="89" count="0" type="stmt"/>
          <line num="90" count="0" type="stmt"/>
          <line num="92" count="0" type="stmt"/>
          <line num="95" count="0" type="stmt"/>
          <line num="96" count="0" type="stmt"/>
          <line num="97" count="0" type="stmt"/>
          <line num="98" count="0" type="cond" truecount="0" falsecount="2"/>
          <line num="99" count="0" type="stmt"/>
          <line num="100" count="0" type="stmt"/>
          <line num="102" count="0" type="stmt"/>
          <line num="104" count="0" type="stmt"/>
          <line num="105" count="0" type="stmt"/>
          <line num="107" count="0" type="stmt"/>
        </file>
        <file name="register.vue" path="C:\WWWR00T\test\bootstrap\bootstrap-frontend-vue-auth\src\views\register.vue">
          <metrics statements="29" coveredstatements="7" conditionals="16" coveredconditionals="0" methods="11" coveredmethods="0"/>
          <line num="57" count="8" type="stmt"/>
          <line num="58" count="8" type="stmt"/>
          <line num="59" count="8" type="stmt"/>
          <line num="60" count="8" type="stmt"/>
          <line num="61" count="8" type="stmt"/>
          <line num="62" count="8" type="stmt"/>
          <line num="63" count="8" type="stmt"/>
          <line num="67" count="0" type="stmt"/>
          <line num="68" count="0" type="stmt"/>
          <line num="83" count="0" type="cond" truecount="0" falsecount="2"/>
          <line num="90" count="0" type="cond" truecount="0" falsecount="2"/>
          <line num="91" count="0" type="stmt"/>
          <line num="93" count="0" type="stmt"/>
          <line num="96" count="0" type="cond" truecount="0" falsecount="2"/>
          <line num="101" count="0" type="stmt"/>
          <line num="104" count="0" type="cond" truecount="0" falsecount="4"/>
          <line num="105" count="0" type="cond" truecount="0" falsecount="4"/>
          <line num="106" count="0" type="stmt"/>
          <line num="108" count="0" type="stmt"/>
          <line num="116" count="0" type="stmt"/>
          <line num="125" count="0" type="stmt"/>
          <line num="127" count="0" type="stmt"/>
          <line num="128" count="0" type="stmt"/>
          <line num="129" count="0" type="stmt"/>
          <line num="130" count="0" type="cond" truecount="0" falsecount="2"/>
          <line num="131" count="0" type="stmt"/>
          <line num="133" count="0" type="stmt"/>
          <line num="140" count="0" type="stmt"/>
          <line num="143" count="0" type="stmt"/>
        </file>
        <file name="reset-password.vue" path="C:\WWWR00T\test\bootstrap\bootstrap-frontend-vue-auth\src\views\reset-password.vue">
          <metrics statements="28" coveredstatements="27" conditionals="18" coveredconditionals="12" methods="10" coveredmethods="9"/>
          <line num="46" count="8" type="stmt"/>
          <line num="47" count="8" type="stmt"/>
          <line num="48" count="8" type="stmt"/>
          <line num="49" count="8" type="stmt"/>
          <line num="50" count="8" type="stmt"/>
          <line num="51" count="8" type="stmt"/>
          <line num="52" count="8" type="stmt"/>
          <line num="56" count="1" type="stmt"/>
          <line num="57" count="1" type="stmt"/>
          <line num="71" count="0" type="cond" truecount="0" falsecount="2"/>
          <line num="77" count="3" type="stmt"/>
          <line num="78" count="3" type="stmt"/>
          <line num="79" count="3" type="stmt"/>
          <line num="80" count="3" type="stmt"/>
          <line num="83" count="65" type="cond" truecount="7" falsecount="3"/>
          <line num="85" count="3" type="stmt"/>
          <line num="90" count="3" type="stmt"/>
          <line num="98" count="1" type="stmt"/>
          <line num="99" count="1" type="stmt"/>
          <line num="101" count="2" type="stmt"/>
          <line num="105" count="3" type="stmt"/>
          <line num="108" count="2" type="cond" truecount="2" falsecount="0"/>
          <line num="109" count="1" type="stmt"/>
          <line num="111" count="1" type="stmt"/>
          <line num="121" count="18" type="cond" truecount="1" falsecount="1"/>
          <line num="122" count="18" type="stmt"/>
          <line num="124" count="6" type="stmt"/>
          <line num="127" count="3" type="cond" truecount="2" falsecount="0"/>
        </file>
        <file name="root.vue" path="C:\WWWR00T\test\bootstrap\bootstrap-frontend-vue-auth\src\views\root.vue">
          <metrics statements="4" coveredstatements="4" conditionals="0" coveredconditionals="0" methods="2" coveredmethods="2"/>
          <line num="42" count="8" type="stmt"/>
          <line num="43" count="8" type="stmt"/>
          <line num="47" count="1" type="stmt"/>
          <line num="53" count="1" type="stmt"/>
        </file>
      </package>
      <package name="tests.unit">
        <metrics statements="5" coveredstatements="5" conditionals="0" coveredconditionals="0" methods="2" coveredmethods="2"/>
        <file name="setup.js" path="C:\WWWR00T\test\bootstrap\bootstrap-frontend-vue-auth\tests\unit\setup.js">
          <metrics statements="5" coveredstatements="5" conditionals="0" coveredconditionals="0" methods="2" coveredmethods="2"/>
          <line num="8" count="26" type="stmt"/>
          <line num="9" count="26" type="stmt"/>
          <line num="11" count="26" type="stmt"/>
          <line num="12" count="26" type="stmt"/>
          <line num="13" count="26" type="stmt"/>
        </file>
      </package>
      <package name="tests.unit.mocks">
        <metrics statements="36" coveredstatements="33" conditionals="14" coveredconditionals="10" methods="17" coveredmethods="16"/>
        <file name="axios.mock.js" path="C:\WWWR00T\test\bootstrap\bootstrap-frontend-vue-auth\tests\unit\mocks\axios.mock.js">
          <metrics statements="16" coveredstatements="15" conditionals="6" coveredconditionals="4" methods="7" coveredmethods="6"/>
          <line num="6" count="26" type="stmt"/>
          <line num="7" count="37" type="stmt"/>
          <line num="8" count="37" type="stmt"/>
          <line num="10" count="15" type="cond" truecount="1" falsecount="1"/>
          <line num="11" count="15" type="stmt"/>
          <line num="14" count="20" type="cond" truecount="2" falsecount="0"/>
          <line num="15" count="20" type="stmt"/>
          <line num="16" count="20" type="stmt"/>
          <line num="21" count="26" type="cond" truecount="1" falsecount="0"/>
          <line num="23" count="10" type="stmt"/>
          <line num="29" count="26" type="cond" truecount="0" falsecount="1"/>
          <line num="31" count="10" type="stmt"/>
          <line num="39" count="26" type="stmt"/>
          <line num="40" count="0" type="stmt"/>
          <line num="45" count="26" type="stmt"/>
          <line num="47" count="26" type="stmt"/>
        </file>
        <file name="local-storage.mock.js" path="C:\WWWR00T\test\bootstrap\bootstrap-frontend-vue-auth\tests\unit\mocks\local-storage.mock.js">
          <metrics statements="10" coveredstatements="9" conditionals="4" coveredconditionals="3" methods="5" coveredmethods="5"/>
          <line num="1" count="26" type="stmt"/>
          <line num="2" count="26" type="stmt"/>
          <line num="3" count="26" type="stmt"/>
          <line num="5" count="65" type="stmt"/>
          <line num="8" count="46" type="cond" truecount="3" falsecount="1"/>
          <line num="9" count="0" type="stmt"/>
          <line num="11" count="46" type="stmt"/>
          <line num="15" count="1" type="stmt"/>
          <line num="18" count="6" type="stmt"/>
          <line num="22" count="26" type="stmt"/>
        </file>
        <file name="session-storage.mock.js" path="C:\WWWR00T\test\bootstrap\bootstrap-frontend-vue-auth\tests\unit\mocks\session-storage.mock.js">
          <metrics statements="10" coveredstatements="9" conditionals="4" coveredconditionals="3" methods="5" coveredmethods="5"/>
          <line num="1" count="1" type="stmt"/>
          <line num="2" count="1" type="stmt"/>
          <line num="3" count="1" type="stmt"/>
          <line num="5" count="20" type="stmt"/>
          <line num="8" count="5" type="cond" truecount="3" falsecount="1"/>
          <line num="9" count="0" type="stmt"/>
          <line num="11" count="5" type="stmt"/>
          <line num="15" count="1" type="stmt"/>
          <line num="18" count="2" type="stmt"/>
          <line num="22" count="1" type="stmt"/>
        </file>
      </package>
    </metrics>
  </project>
</coverage>
