{"C:\\WWWR00T\\test\\bootstrap\\bootstrap-frontend-vue-auth\\src\\App.vue": {"path":"C:\\WWWR00T\\test\\bootstrap\\bootstrap-frontend-vue-auth\\src\\App.vue","statementMap":{"0":{"start":{"line":35,"column":0},"end":{"line":null,"column":-1}},"1":{"start":{"line":36,"column":0},"end":{"line":null,"column":-1}},"2":{"start":{"line":37,"column":0},"end":{"line":null,"column":-1}},"3":{"start":{"line":38,"column":0},"end":{"line":null,"column":-1}},"4":{"start":{"line":39,"column":0},"end":{"line":null,"column":-1}},"5":{"start":{"line":40,"column":0},"end":{"line":null,"column":-1}},"6":{"start":{"line":41,"column":0},"end":{"line":null,"column":-1}},"7":{"start":{"line":42,"column":0},"end":{"line":null,"column":-1}},"8":{"start":{"line":44,"column":0},"end":{"line":null,"column":-1}},"9":{"start":{"line":45,"column":0},"end":{"line":null,"column":-1}},"10":{"start":{"line":46,"column":0},"end":{"line":null,"column":-1}},"11":{"start":{"line":51,"column":0},"end":{"line":null,"column":-1}},"12":{"start":{"line":61,"column":0},"end":{"line":null,"column":-1}},"13":{"start":{"line":62,"column":0},"end":{"line":null,"column":-1}},"14":{"start":{"line":64,"column":0},"end":{"line":null,"column":-1}},"15":{"start":{"line":65,"column":0},"end":{"line":null,"column":-1}},"16":{"start":{"line":67,"column":0},"end":{"line":null,"column":-1}},"17":{"start":{"line":68,"column":0},"end":{"line":null,"column":-1}},"18":{"start":{"line":69,"column":0},"end":{"line":71,"column":0}},"19":{"start":{"line":70,"column":0},"end":{"line":null,"column":-1}},"20":{"start":{"line":74,"column":0},"end":{"line":null,"column":-1}},"21":{"start":{"line":78,"column":0},"end":{"line":null,"column":-1}},"22":{"start":{"line":83,"column":0},"end":{"line":null,"column":-1}},"23":{"start":{"line":92,"column":0},"end":{"line":null,"column":-1}},"24":{"start":{"line":96,"column":0},"end":{"line":98,"column":0}},"25":{"start":{"line":97,"column":0},"end":{"line":null,"column":-1}},"26":{"start":{"line":99,"column":0},"end":{"line":112,"column":0}},"27":{"start":{"line":100,"column":0},"end":{"line":104,"column":0}},"28":{"start":{"line":101,"column":0},"end":{"line":null,"column":-1}},"29":{"start":{"line":105,"column":0},"end":{"line":107,"column":0}},"30":{"start":{"line":106,"column":0},"end":{"line":null,"column":-1}},"31":{"start":{"line":108,"column":0},"end":{"line":null,"column":-1}},"32":{"start":{"line":111,"column":0},"end":{"line":null,"column":-1}},"33":{"start":{"line":115,"column":0},"end":{"line":null,"column":-1}},"34":{"start":{"line":118,"column":0},"end":{"line":null,"column":-1}},"35":{"start":{"line":119,"column":0},"end":{"line":null,"column":-1}},"36":{"start":{"line":120,"column":0},"end":{"line":null,"column":-1}},"37":{"start":{"line":123,"column":0},"end":{"line":null,"column":-1}},"38":{"start":{"line":124,"column":0},"end":{"line":null,"column":-1}},"39":{"start":{"line":125,"column":0},"end":{"line":null,"column":-1}},"40":{"start":{"line":128,"column":0},"end":{"line":null,"column":-1}},"41":{"start":{"line":131,"column":0},"end":{"line":null,"column":-1}},"42":{"start":{"line":134,"column":0},"end":{"line":null,"column":-1}},"43":{"start":{"line":135,"column":0},"end":{"line":null,"column":-1}},"44":{"start":{"line":138,"column":0},"end":{"line":null,"column":-1}},"45":{"start":{"line":141,"column":0},"end":{"line":null,"column":-1}},"46":{"start":{"line":144,"column":0},"end":{"line":null,"column":-1}}},"fnMap":{"0":{"name":"data","decl":{"start":{"line":50,"column":0},"end":{"line":null,"column":-1}},"loc":{"start":{"line":50,"column":0},"end":{"line":60,"column":0}}},"1":{"name":"created","decl":{"start":{"line":61,"column":0},"end":{"line":null,"column":-1}},"loc":{"start":{"line":61,"column":0},"end":{"line":72,"column":0}}},"2":{"name":"(anonymous_8)","decl":{"start":{"line":64,"column":0},"end":{"line":null,"column":-1}},"loc":{"start":{"line":64,"column":0},"end":{"line":null,"column":-1}}},"3":{"name":"(anonymous_9)","decl":{"start":{"line":65,"column":0},"end":{"line":null,"column":-1}},"loc":{"start":{"line":65,"column":0},"end":{"line":null,"column":-1}}},"4":{"name":"(anonymous_10)","decl":{"start":{"line":67,"column":0},"end":{"line":null,"column":-1}},"loc":{"start":{"line":67,"column":0},"end":{"line":null,"column":-1}}},"5":{"name":"(anonymous_11)","decl":{"start":{"line":68,"column":0},"end":{"line":null,"column":-1}},"loc":{"start":{"line":68,"column":0},"end":{"line":null,"column":-1}}},"6":{"name":"(anonymous_12)","decl":{"start":{"line":69,"column":0},"end":{"line":null,"column":-1}},"loc":{"start":{"line":69,"column":0},"end":{"line":71,"column":0}}},"7":{"name":"mounted","decl":{"start":{"line":73,"column":0},"end":{"line":null,"column":-1}},"loc":{"start":{"line":73,"column":0},"end":{"line":75,"column":0}}},"8":{"name":"$route","decl":{"start":{"line":77,"column":0},"end":{"line":null,"column":-1}},"loc":{"start":{"line":77,"column":0},"end":{"line":79,"column":0}}},"9":{"name":"profile","decl":{"start":{"line":82,"column":0},"end":{"line":null,"column":-1}},"loc":{"start":{"line":82,"column":0},"end":{"line":84,"column":0}}},"10":{"name":"updatePath","decl":{"start":{"line":91,"column":0},"end":{"line":null,"column":-1}},"loc":{"start":{"line":91,"column":0},"end":{"line":113,"column":0}}},"11":{"name":"(anonymous_17)","decl":{"start":{"line":99,"column":0},"end":{"line":null,"column":-1}},"loc":{"start":{"line":99,"column":0},"end":{"line":112,"column":0}}},"12":{"name":"routePath","decl":{"start":{"line":114,"column":0},"end":{"line":null,"column":-1}},"loc":{"start":{"line":114,"column":0},"end":{"line":116,"column":0}}},"13":{"name":"raiseMessage","decl":{"start":{"line":117,"column":0},"end":{"line":null,"column":-1}},"loc":{"start":{"line":117,"column":0},"end":{"line":121,"column":0}}},"14":{"name":"raiseError","decl":{"start":{"line":122,"column":0},"end":{"line":null,"column":-1}},"loc":{"start":{"line":122,"column":0},"end":{"line":126,"column":0}}},"15":{"name":"startSpinner","decl":{"start":{"line":127,"column":0},"end":{"line":null,"column":-1}},"loc":{"start":{"line":127,"column":0},"end":{"line":129,"column":0}}},"16":{"name":"stopSpinner","decl":{"start":{"line":130,"column":0},"end":{"line":null,"column":-1}},"loc":{"start":{"line":130,"column":0},"end":{"line":132,"column":0}}},"17":{"name":"timedOut","decl":{"start":{"line":133,"column":0},"end":{"line":null,"column":-1}},"loc":{"start":{"line":133,"column":0},"end":{"line":136,"column":0}}},"18":{"name":"messageAction","decl":{"start":{"line":137,"column":0},"end":{"line":null,"column":-1}},"loc":{"start":{"line":137,"column":0},"end":{"line":139,"column":0}}},"19":{"name":"errorAction","decl":{"start":{"line":140,"column":0},"end":{"line":null,"column":-1}},"loc":{"start":{"line":140,"column":0},"end":{"line":142,"column":0}}},"20":{"name":"waitAction","decl":{"start":{"line":143,"column":0},"end":{"line":null,"column":-1}},"loc":{"start":{"line":143,"column":0},"end":{"line":145,"column":0}}}},"branchMap":{"0":{"loc":{"start":{"line":83,"column":0},"end":{"line":null,"column":-1}},"type":"cond-expr","locations":[{"start":{"line":83,"column":0},"end":{"line":null,"column":-1}},{"start":{"line":83,"column":0},"end":{"line":null,"column":-1}}]},"1":{"loc":{"start":{"line":96,"column":0},"end":{"line":98,"column":0}},"type":"if","locations":[{"start":{"line":96,"column":0},"end":{"line":98,"column":0}},{"start":{"line":96,"column":0},"end":{"line":98,"column":0}}]},"2":{"loc":{"start":{"line":100,"column":0},"end":{"line":104,"column":0}},"type":"if","locations":[{"start":{"line":100,"column":0},"end":{"line":104,"column":0}},{"start":{"line":100,"column":0},"end":{"line":104,"column":0}}]},"3":{"loc":{"start":{"line":105,"column":0},"end":{"line":107,"column":0}},"type":"if","locations":[{"start":{"line":105,"column":0},"end":{"line":107,"column":0}},{"start":{"line":105,"column":0},"end":{"line":107,"column":0}}]},"4":{"loc":{"start":{"line":105,"column":0},"end":{"line":null,"column":-1}},"type":"binary-expr","locations":[{"start":{"line":105,"column":0},"end":{"line":null,"column":-1}},{"start":{"line":105,"column":0},"end":{"line":null,"column":-1}}]}},"s":{"0":2,"1":2,"2":2,"3":2,"4":2,"5":2,"6":2,"7":2,"8":2,"9":2,"10":2,"11":7,"12":7,"13":7,"14":15,"15":15,"16":16,"17":14,"18":7,"19":5,"20":7,"21":0,"22":7,"23":13,"24":13,"25":6,"26":13,"27":25,"28":11,"29":25,"30":11,"31":25,"32":25,"33":8,"34":7,"35":7,"36":7,"37":8,"38":8,"39":8,"40":8,"41":6,"42":1,"43":1,"44":1,"45":1,"46":1},"f":{"0":7,"1":7,"2":8,"3":8,"4":9,"5":7,"6":5,"7":7,"8":0,"9":7,"10":13,"11":25,"12":8,"13":7,"14":8,"15":8,"16":6,"17":1,"18":1,"19":1,"20":1},"b":{"0":[0,7],"1":[6,7],"2":[11,14],"3":[11,14],"4":[25,11]}}
,"C:\\WWWR00T\\test\\bootstrap\\bootstrap-frontend-vue-auth\\src\\initialization.js": {"path":"C:\\WWWR00T\\test\\bootstrap\\bootstrap-frontend-vue-auth\\src\\initialization.js","statementMap":{"0":{"start":{"line":9,"column":0},"end":{"line":9,"column":30}},"1":{"start":{"line":10,"column":0},"end":{"line":10,"column":45}},"2":{"start":{"line":11,"column":0},"end":{"line":11,"column":47}}},"fnMap":{},"branchMap":{},"s":{"0":1,"1":1,"2":1},"f":{},"b":{},"_coverageSchema":"332fd63041d2c1bcb487cc26dd0d5f7d97098a6c","hash":"e36b603640b062dc4a2f661d98cdcc6dc67756b0"}
,"C:\\WWWR00T\\test\\bootstrap\\bootstrap-frontend-vue-auth\\src\\api\\index.js": {"path":"C:\\WWWR00T\\test\\bootstrap\\bootstrap-frontend-vue-auth\\src\\api\\index.js","statementMap":{"0":{"start":{"line":6,"column":12},"end":{"line":16,"column":1}},"1":{"start":{"line":18,"column":0},"end":{"line":21,"column":2}},"2":{"start":{"line":19,"column":2},"end":{"line":19,"column":38}},"3":{"start":{"line":20,"column":2},"end":{"line":20,"column":40}},"4":{"start":{"line":23,"column":0},"end":{"line":26,"column":2}},"5":{"start":{"line":24,"column":2},"end":{"line":24,"column":24}},"6":{"start":{"line":25,"column":2},"end":{"line":25,"column":25}},"7":{"start":{"line":28,"column":0},"end":{"line":30,"column":1}},"8":{"start":{"line":29,"column":2},"end":{"line":29,"column":33}},"9":{"start":{"line":32,"column":0},"end":{"line":35,"column":1}},"10":{"start":{"line":33,"column":2},"end":{"line":33,"column":25}},"11":{"start":{"line":34,"column":2},"end":{"line":34,"column":71}},"12":{"start":{"line":37,"column":0},"end":{"line":40,"column":1}},"13":{"start":{"line":38,"column":2},"end":{"line":38,"column":22}},"14":{"start":{"line":39,"column":2},"end":{"line":39,"column":58}},"15":{"start":{"line":42,"column":0},"end":{"line":44,"column":1}},"16":{"start":{"line":43,"column":2},"end":{"line":43,"column":26}},"17":{"start":{"line":46,"column":0},"end":{"line":48,"column":1}},"18":{"start":{"line":47,"column":2},"end":{"line":47,"column":23}},"19":{"start":{"line":50,"column":0},"end":{"line":52,"column":1}},"20":{"start":{"line":51,"column":2},"end":{"line":51,"column":27}},"21":{"start":{"line":54,"column":0},"end":{"line":69,"column":1}},"22":{"start":{"line":55,"column":2},"end":{"line":55,"column":25}},"23":{"start":{"line":56,"column":2},"end":{"line":56,"column":30}},"24":{"start":{"line":57,"column":2},"end":{"line":57,"column":37}},"25":{"start":{"line":58,"column":2},"end":{"line":68,"column":3}},"26":{"start":{"line":59,"column":4},"end":{"line":62,"column":5}},"27":{"start":{"line":60,"column":6},"end":{"line":60,"column":67}},"28":{"start":{"line":61,"column":6},"end":{"line":61,"column":41}},"29":{"start":{"line":63,"column":4},"end":{"line":67,"column":5}},"30":{"start":{"line":64,"column":6},"end":{"line":64,"column":68}},"31":{"start":{"line":65,"column":6},"end":{"line":65,"column":56}},"32":{"start":{"line":66,"column":6},"end":{"line":66,"column":58}},"33":{"start":{"line":71,"column":0},"end":{"line":96,"column":1}},"34":{"start":{"line":72,"column":2},"end":{"line":72,"column":47}},"35":{"start":{"line":73,"column":2},"end":{"line":75,"column":3}},"36":{"start":{"line":74,"column":4},"end":{"line":74,"column":31}},"37":{"start":{"line":76,"column":2},"end":{"line":76,"column":18}},"38":{"start":{"line":77,"column":2},"end":{"line":77,"column":37}},"39":{"start":{"line":78,"column":2},"end":{"line":86,"column":3}},"40":{"start":{"line":79,"column":4},"end":{"line":81,"column":5}},"41":{"start":{"line":80,"column":6},"end":{"line":80,"column":47}},"42":{"start":{"line":82,"column":4},"end":{"line":82,"column":38}},"43":{"start":{"line":83,"column":9},"end":{"line":86,"column":3}},"44":{"start":{"line":84,"column":4},"end":{"line":84,"column":19}},"45":{"start":{"line":85,"column":4},"end":{"line":85,"column":44}},"46":{"start":{"line":87,"column":2},"end":{"line":87,"column":19}},"47":{"start":{"line":88,"column":2},"end":{"line":88,"column":31}},"48":{"start":{"line":89,"column":2},"end":{"line":89,"column":59}},"49":{"start":{"line":91,"column":2},"end":{"line":95,"column":3}},"50":{"start":{"line":92,"column":4},"end":{"line":92,"column":41}},"51":{"start":{"line":93,"column":4},"end":{"line":93,"column":26}},"52":{"start":{"line":94,"column":4},"end":{"line":94,"column":27}},"53":{"start":{"line":98,"column":0},"end":{"line":156,"column":1}},"54":{"start":{"line":99,"column":2},"end":{"line":155,"column":4}},"55":{"start":{"line":100,"column":4},"end":{"line":100,"column":39}},"56":{"start":{"line":101,"column":4},"end":{"line":101,"column":25}},"57":{"start":{"line":102,"column":4},"end":{"line":102,"column":20}},"58":{"start":{"line":103,"column":4},"end":{"line":103,"column":22}},"59":{"start":{"line":104,"column":4},"end":{"line":104,"column":21}},"60":{"start":{"line":105,"column":4},"end":{"line":105,"column":23}},"61":{"start":{"line":106,"column":4},"end":{"line":154,"column":8}},"62":{"start":{"line":108,"column":8},"end":{"line":108,"column":30}},"63":{"start":{"line":109,"column":8},"end":{"line":109,"column":30}},"64":{"start":{"line":112,"column":32},"end":{"line":112,"column":44}},"65":{"start":{"line":113,"column":8},"end":{"line":153,"column":9}},"66":{"start":{"line":122,"column":10},"end":{"line":122,"column":43}},"67":{"start":{"line":123,"column":10},"end":{"line":123,"column":32}},"68":{"start":{"line":124,"column":10},"end":{"line":149,"column":14}},"69":{"start":{"line":132,"column":14},"end":{"line":132,"column":36}},"70":{"start":{"line":134,"column":14},"end":{"line":134,"column":84}},"71":{"start":{"line":135,"column":14},"end":{"line":143,"column":18}},"72":{"start":{"line":137,"column":18},"end":{"line":137,"column":40}},"73":{"start":{"line":138,"column":18},"end":{"line":138,"column":40}},"74":{"start":{"line":141,"column":18},"end":{"line":141,"column":35}},"75":{"start":{"line":142,"column":18},"end":{"line":142,"column":31}},"76":{"start":{"line":147,"column":14},"end":{"line":147,"column":31}},"77":{"start":{"line":148,"column":14},"end":{"line":148,"column":27}},"78":{"start":{"line":151,"column":10},"end":{"line":151,"column":27}},"79":{"start":{"line":152,"column":10},"end":{"line":152,"column":23}},"80":{"start":{"line":158,"column":0},"end":{"line":164,"column":1}},"81":{"start":{"line":159,"column":18},"end":{"line":162,"column":3}},"82":{"start":{"line":163,"column":2},"end":{"line":163,"column":29}},"83":{"start":{"line":166,"column":0},"end":{"line":173,"column":1}},"84":{"start":{"line":167,"column":18},"end":{"line":171,"column":3}},"85":{"start":{"line":172,"column":2},"end":{"line":172,"column":29}},"86":{"start":{"line":175,"column":0},"end":{"line":182,"column":1}},"87":{"start":{"line":176,"column":18},"end":{"line":180,"column":3}},"88":{"start":{"line":181,"column":2},"end":{"line":181,"column":29}},"89":{"start":{"line":184,"column":0},"end":{"line":191,"column":1}},"90":{"start":{"line":185,"column":18},"end":{"line":189,"column":3}},"91":{"start":{"line":190,"column":2},"end":{"line":190,"column":29}}},"fnMap":{"0":{"name":"(anonymous_0)","decl":{"start":{"line":18,"column":41},"end":{"line":18,"column":42}},"loc":{"start":{"line":18,"column":51},"end":{"line":21,"column":1}},"line":18},"1":{"name":"(anonymous_1)","decl":{"start":{"line":23,"column":36},"end":{"line":23,"column":37}},"loc":{"start":{"line":23,"column":42},"end":{"line":26,"column":1}},"line":23},"2":{"name":"(anonymous_2)","decl":{"start":{"line":28,"column":17},"end":{"line":28,"column":18}},"loc":{"start":{"line":28,"column":26},"end":{"line":30,"column":1}},"line":28},"3":{"name":"(anonymous_3)","decl":{"start":{"line":32,"column":21},"end":{"line":32,"column":22}},"loc":{"start":{"line":32,"column":32},"end":{"line":35,"column":1}},"line":32},"4":{"name":"(anonymous_4)","decl":{"start":{"line":37,"column":23},"end":{"line":37,"column":24}},"loc":{"start":{"line":37,"column":29},"end":{"line":40,"column":1}},"line":37},"5":{"name":"(anonymous_5)","decl":{"start":{"line":42,"column":22},"end":{"line":42,"column":23}},"loc":{"start":{"line":42,"column":33},"end":{"line":44,"column":1}},"line":42},"6":{"name":"(anonymous_6)","decl":{"start":{"line":46,"column":24},"end":{"line":46,"column":25}},"loc":{"start":{"line":46,"column":30},"end":{"line":48,"column":1}},"line":46},"7":{"name":"(anonymous_7)","decl":{"start":{"line":50,"column":25},"end":{"line":50,"column":26}},"loc":{"start":{"line":50,"column":34},"end":{"line":52,"column":1}},"line":50},"8":{"name":"(anonymous_8)","decl":{"start":{"line":54,"column":15},"end":{"line":54,"column":16}},"loc":{"start":{"line":54,"column":29},"end":{"line":69,"column":1}},"line":54},"9":{"name":"(anonymous_9)","decl":{"start":{"line":71,"column":13},"end":{"line":71,"column":14}},"loc":{"start":{"line":71,"column":24},"end":{"line":96,"column":1}},"line":71},"10":{"name":"(anonymous_10)","decl":{"start":{"line":98,"column":14},"end":{"line":98,"column":15}},"loc":{"start":{"line":98,"column":27},"end":{"line":156,"column":1}},"line":98},"11":{"name":"(anonymous_11)","decl":{"start":{"line":99,"column":21},"end":{"line":99,"column":22}},"loc":{"start":{"line":99,"column":42},"end":{"line":155,"column":3}},"line":99},"12":{"name":"(anonymous_12)","decl":{"start":{"line":107,"column":12},"end":{"line":107,"column":13}},"loc":{"start":{"line":107,"column":24},"end":{"line":110,"column":7}},"line":107},"13":{"name":"(anonymous_13)","decl":{"start":{"line":111,"column":13},"end":{"line":111,"column":14}},"loc":{"start":{"line":111,"column":22},"end":{"line":154,"column":7}},"line":111},"14":{"name":"(anonymous_14)","decl":{"start":{"line":131,"column":18},"end":{"line":131,"column":19}},"loc":{"start":{"line":131,"column":30},"end":{"line":144,"column":13}},"line":131},"15":{"name":"(anonymous_15)","decl":{"start":{"line":136,"column":22},"end":{"line":136,"column":23}},"loc":{"start":{"line":136,"column":34},"end":{"line":139,"column":17}},"line":136},"16":{"name":"(anonymous_16)","decl":{"start":{"line":140,"column":23},"end":{"line":140,"column":24}},"loc":{"start":{"line":140,"column":32},"end":{"line":143,"column":17}},"line":140},"17":{"name":"(anonymous_17)","decl":{"start":{"line":145,"column":19},"end":{"line":145,"column":20}},"loc":{"start":{"line":145,"column":28},"end":{"line":149,"column":13}},"line":145},"18":{"name":"(anonymous_18)","decl":{"start":{"line":158,"column":10},"end":{"line":158,"column":11}},"loc":{"start":{"line":158,"column":19},"end":{"line":164,"column":1}},"line":158},"19":{"name":"(anonymous_19)","decl":{"start":{"line":166,"column":11},"end":{"line":166,"column":12}},"loc":{"start":{"line":166,"column":26},"end":{"line":173,"column":1}},"line":166},"20":{"name":"(anonymous_20)","decl":{"start":{"line":175,"column":10},"end":{"line":175,"column":11}},"loc":{"start":{"line":175,"column":25},"end":{"line":182,"column":1}},"line":175},"21":{"name":"(anonymous_21)","decl":{"start":{"line":184,"column":13},"end":{"line":184,"column":14}},"loc":{"start":{"line":184,"column":28},"end":{"line":191,"column":1}},"line":184}},"branchMap":{"0":{"loc":{"start":{"line":58,"column":2},"end":{"line":68,"column":3}},"type":"if","locations":[{"start":{"line":58,"column":2},"end":{"line":68,"column":3}},{"start":{"line":58,"column":2},"end":{"line":68,"column":3}}],"line":58},"1":{"loc":{"start":{"line":59,"column":4},"end":{"line":62,"column":5}},"type":"if","locations":[{"start":{"line":59,"column":4},"end":{"line":62,"column":5}},{"start":{"line":59,"column":4},"end":{"line":62,"column":5}}],"line":59},"2":{"loc":{"start":{"line":63,"column":4},"end":{"line":67,"column":5}},"type":"if","locations":[{"start":{"line":63,"column":4},"end":{"line":67,"column":5}},{"start":{"line":63,"column":4},"end":{"line":67,"column":5}}],"line":63},"3":{"loc":{"start":{"line":72,"column":16},"end":{"line":72,"column":47}},"type":"binary-expr","locations":[{"start":{"line":72,"column":16},"end":{"line":72,"column":29}},{"start":{"line":72,"column":33},"end":{"line":72,"column":47}}],"line":72},"4":{"loc":{"start":{"line":73,"column":2},"end":{"line":75,"column":3}},"type":"if","locations":[{"start":{"line":73,"column":2},"end":{"line":75,"column":3}},{"start":{"line":73,"column":2},"end":{"line":75,"column":3}}],"line":73},"5":{"loc":{"start":{"line":78,"column":2},"end":{"line":86,"column":3}},"type":"if","locations":[{"start":{"line":78,"column":2},"end":{"line":86,"column":3}},{"start":{"line":78,"column":2},"end":{"line":86,"column":3}}],"line":78},"6":{"loc":{"start":{"line":79,"column":4},"end":{"line":81,"column":5}},"type":"if","locations":[{"start":{"line":79,"column":4},"end":{"line":81,"column":5}},{"start":{"line":79,"column":4},"end":{"line":81,"column":5}}],"line":79},"7":{"loc":{"start":{"line":79,"column":8},"end":{"line":79,"column":58}},"type":"binary-expr","locations":[{"start":{"line":79,"column":8},"end":{"line":79,"column":27}},{"start":{"line":79,"column":31},"end":{"line":79,"column":58}}],"line":79},"8":{"loc":{"start":{"line":83,"column":9},"end":{"line":86,"column":3}},"type":"if","locations":[{"start":{"line":83,"column":9},"end":{"line":86,"column":3}},{"start":{"line":83,"column":9},"end":{"line":86,"column":3}}],"line":83},"9":{"loc":{"start":{"line":91,"column":2},"end":{"line":95,"column":3}},"type":"if","locations":[{"start":{"line":91,"column":2},"end":{"line":95,"column":3}},{"start":{"line":91,"column":2},"end":{"line":95,"column":3}}],"line":91},"10":{"loc":{"start":{"line":113,"column":8},"end":{"line":153,"column":9}},"type":"if","locations":[{"start":{"line":113,"column":8},"end":{"line":153,"column":9}},{"start":{"line":113,"column":8},"end":{"line":153,"column":9}}],"line":113},"11":{"loc":{"start":{"line":114,"column":10},"end":{"line":119,"column":37}},"type":"binary-expr","locations":[{"start":{"line":114,"column":10},"end":{"line":114,"column":39}},{"start":{"line":115,"column":10},"end":{"line":115,"column":24}},{"start":{"line":116,"column":10},"end":{"line":116,"column":39}},{"start":{"line":117,"column":10},"end":{"line":117,"column":26}},{"start":{"line":118,"column":10},"end":{"line":118,"column":29}},{"start":{"line":119,"column":10},"end":{"line":119,"column":37}}],"line":114}},"s":{"0":26,"1":26,"2":9,"3":9,"4":26,"5":5,"6":5,"7":26,"8":5,"9":26,"10":20,"11":20,"12":26,"13":12,"14":12,"15":26,"16":18,"17":26,"18":9,"19":26,"20":2,"21":26,"22":15,"23":15,"24":15,"25":15,"26":15,"27":13,"28":13,"29":15,"30":4,"31":4,"32":4,"33":26,"34":19,"35":19,"36":0,"37":19,"38":19,"39":19,"40":16,"41":16,"42":16,"43":3,"44":1,"45":1,"46":19,"47":19,"48":19,"49":19,"50":3,"51":3,"52":3,"53":26,"54":32,"55":32,"56":32,"57":32,"58":32,"59":32,"60":32,"61":32,"62":12,"63":12,"64":20,"65":20,"66":3,"67":3,"68":3,"69":2,"70":2,"71":2,"72":1,"73":1,"74":1,"75":1,"76":1,"77":1,"78":17,"79":17,"80":26,"81":13,"82":13,"83":26,"84":17,"85":17,"86":26,"87":1,"88":1,"89":26,"90":1,"91":1},"f":{"0":9,"1":5,"2":5,"3":20,"4":12,"5":18,"6":9,"7":2,"8":15,"9":19,"10":32,"11":32,"12":12,"13":20,"14":2,"15":1,"16":1,"17":1,"18":13,"19":17,"20":1,"21":1},"b":{"0":[15,0],"1":[13,2],"2":[4,11],"3":[19,17],"4":[0,19],"5":[16,3],"6":[16,0],"7":[16,16],"8":[1,2],"9":[3,16],"10":[3,17],"11":[20,20,17,4,3,3]},"_coverageSchema":"332fd63041d2c1bcb487cc26dd0d5f7d97098a6c","hash":"b12d4d20135d727a8fa76b568d119eaec07919d9"}
,"C:\\WWWR00T\\test\\bootstrap\\bootstrap-frontend-vue-auth\\src\\components\\app\\breadcrumbs.vue": {"path":"C:\\WWWR00T\\test\\bootstrap\\bootstrap-frontend-vue-auth\\src\\components\\app\\breadcrumbs.vue","statementMap":{"0":{"start":{"line":24,"column":0},"end":{"line":null,"column":-1}}},"fnMap":{"0":{"name":"_default","decl":{"start":{"line":23,"column":0},"end":{"line":null,"column":-1}},"loc":{"start":{"line":23,"column":0},"end":{"line":28,"column":0}}}},"branchMap":{},"s":{"0":1},"f":{"0":1},"b":{}}
,"C:\\WWWR00T\\test\\bootstrap\\bootstrap-frontend-vue-auth\\src\\components\\app\\message.vue": {"path":"C:\\WWWR00T\\test\\bootstrap\\bootstrap-frontend-vue-auth\\src\\components\\app\\message.vue","statementMap":{"0":{"start":{"line":22,"column":0},"end":{"line":null,"column":-1}},"1":{"start":{"line":28,"column":0},"end":{"line":null,"column":-1}},"2":{"start":{"line":48,"column":0},"end":{"line":null,"column":-1}}},"fnMap":{"0":{"name":"data","decl":{"start":{"line":21,"column":0},"end":{"line":null,"column":-1}},"loc":{"start":{"line":21,"column":0},"end":{"line":25,"column":0}}},"1":{"name":"color","decl":{"start":{"line":27,"column":0},"end":{"line":null,"column":-1}},"loc":{"start":{"line":27,"column":0},"end":{"line":29,"column":0}}},"2":{"name":"input","decl":{"start":{"line":47,"column":0},"end":{"line":null,"column":-1}},"loc":{"start":{"line":47,"column":0},"end":{"line":49,"column":0}}}},"branchMap":{"0":{"loc":{"start":{"line":28,"column":0},"end":{"line":null,"column":-1}},"type":"cond-expr","locations":[{"start":{"line":28,"column":0},"end":{"line":null,"column":-1}},{"start":{"line":28,"column":0},"end":{"line":null,"column":-1}}]}},"s":{"0":6,"1":8,"2":3},"f":{"0":6,"1":8,"2":3},"b":{"0":[1,7]}}
,"C:\\WWWR00T\\test\\bootstrap\\bootstrap-frontend-vue-auth\\src\\components\\app\\scroll-top.vue": {"path":"C:\\WWWR00T\\test\\bootstrap\\bootstrap-frontend-vue-auth\\src\\components\\app\\scroll-top.vue","statementMap":{"0":{"start":{"line":32,"column":0},"end":{"line":null,"column":-1}},"1":{"start":{"line":52,"column":0},"end":{"line":null,"column":-1}},"2":{"start":{"line":60,"column":0},"end":{"line":null,"column":-1}},"3":{"start":{"line":62,"column":0},"end":{"line":null,"column":-1}},"4":{"start":{"line":63,"column":0},"end":{"line":69,"column":0}},"5":{"start":{"line":64,"column":0},"end":{"line":68,"column":0}},"6":{"start":{"line":65,"column":0},"end":{"line":null,"column":-1}},"7":{"start":{"line":67,"column":0},"end":{"line":null,"column":-1}}},"fnMap":{"0":{"name":"data","decl":{"start":{"line":31,"column":0},"end":{"line":null,"column":-1}},"loc":{"start":{"line":31,"column":0},"end":{"line":35,"column":0}}},"1":{"name":"style","decl":{"start":{"line":51,"column":0},"end":{"line":null,"column":-1}},"loc":{"start":{"line":51,"column":0},"end":{"line":56,"column":0}}},"2":{"name":"scrollObserver","decl":{"start":{"line":59,"column":0},"end":{"line":null,"column":-1}},"loc":{"start":{"line":59,"column":0},"end":{"line":61,"column":0}}},"3":{"name":"scrollTop","decl":{"start":{"line":62,"column":0},"end":{"line":null,"column":-1}},"loc":{"start":{"line":62,"column":0},"end":{"line":70,"column":0}}},"4":{"name":"(anonymous_5)","decl":{"start":{"line":63,"column":0},"end":{"line":null,"column":-1}},"loc":{"start":{"line":63,"column":0},"end":{"line":69,"column":0}}}},"branchMap":{"0":{"loc":{"start":{"line":64,"column":0},"end":{"line":68,"column":0}},"type":"if","locations":[{"start":{"line":64,"column":0},"end":{"line":68,"column":0}},{"start":{"line":64,"column":0},"end":{"line":68,"column":0}}]}},"s":{"0":1,"1":1,"2":2,"3":1,"4":1,"5":6,"6":5,"7":1},"f":{"0":1,"1":1,"2":2,"3":1,"4":6},"b":{"0":[5,1]}}
,"C:\\WWWR00T\\test\\bootstrap\\bootstrap-frontend-vue-auth\\src\\components\\app\\spinner.vue": {"path":"C:\\WWWR00T\\test\\bootstrap\\bootstrap-frontend-vue-auth\\src\\components\\app\\spinner.vue","statementMap":{"0":{"start":{"line":47,"column":0},"end":{"line":null,"column":-1}},"1":{"start":{"line":53,"column":0},"end":{"line":null,"column":-1}},"2":{"start":{"line":54,"column":0},"end":{"line":null,"column":-1}},"3":{"start":{"line":55,"column":0},"end":{"line":59,"column":0}},"4":{"start":{"line":56,"column":0},"end":{"line":58,"column":0}},"5":{"start":{"line":57,"column":0},"end":{"line":null,"column":-1}},"6":{"start":{"line":60,"column":0},"end":{"line":63,"column":0}},"7":{"start":{"line":61,"column":0},"end":{"line":null,"column":-1}},"8":{"start":{"line":62,"column":0},"end":{"line":null,"column":-1}},"9":{"start":{"line":77,"column":0},"end":{"line":null,"column":-1}},"10":{"start":{"line":78,"column":0},"end":{"line":null,"column":-1}}},"fnMap":{"0":{"name":"data","decl":{"start":{"line":46,"column":0},"end":{"line":null,"column":-1}},"loc":{"start":{"line":46,"column":0},"end":{"line":51,"column":0}}},"1":{"name":"active","decl":{"start":{"line":53,"column":0},"end":{"line":null,"column":-1}},"loc":{"start":{"line":53,"column":0},"end":{"line":64,"column":0}}},"2":{"name":"(anonymous_3)","decl":{"start":{"line":56,"column":0},"end":{"line":null,"column":-1}},"loc":{"start":{"line":56,"column":0},"end":{"line":58,"column":0}}},"3":{"name":"timedout","decl":{"start":{"line":76,"column":0},"end":{"line":null,"column":-1}},"loc":{"start":{"line":76,"column":0},"end":{"line":79,"column":0}}}},"branchMap":{"0":{"loc":{"start":{"line":55,"column":0},"end":{"line":59,"column":0}},"type":"if","locations":[{"start":{"line":55,"column":0},"end":{"line":59,"column":0}},{"start":{"line":55,"column":0},"end":{"line":59,"column":0}}]},"1":{"loc":{"start":{"line":55,"column":0},"end":{"line":null,"column":-1}},"type":"binary-expr","locations":[{"start":{"line":55,"column":0},"end":{"line":null,"column":-1}},{"start":{"line":55,"column":0},"end":{"line":null,"column":-1}}]},"2":{"loc":{"start":{"line":60,"column":0},"end":{"line":63,"column":0}},"type":"if","locations":[{"start":{"line":60,"column":0},"end":{"line":63,"column":0}},{"start":{"line":60,"column":0},"end":{"line":63,"column":0}}]},"3":{"loc":{"start":{"line":60,"column":0},"end":{"line":null,"column":-1}},"type":"binary-expr","locations":[{"start":{"line":60,"column":0},"end":{"line":null,"column":-1}},{"start":{"line":60,"column":0},"end":{"line":null,"column":-1}}]}},"s":{"0":1,"1":3,"2":3,"3":3,"4":2,"5":1,"6":3,"7":1,"8":1,"9":1,"10":1},"f":{"0":1,"1":3,"2":1,"3":1},"b":{"0":[2,1],"1":[3,2],"2":[1,2],"3":[3,1]}}
,"C:\\WWWR00T\\test\\bootstrap\\bootstrap-frontend-vue-auth\\src\\config\\index.js": {"path":"C:\\WWWR00T\\test\\bootstrap\\bootstrap-frontend-vue-auth\\src\\config\\index.js","statementMap":{"0":{"start":{"line":1,"column":19},"end":{"line":7,"column":1}},"1":{"start":{"line":9,"column":20},"end":{"line":11,"column":2}},"2":{"start":{"line":13,"column":13},"end":{"line":13,"column":43}},"3":{"start":{"line":15,"column":13},"end":{"line":19,"column":1}},"4":{"start":{"line":21,"column":10},"end":{"line":21,"column":47}}},"fnMap":{},"branchMap":{"0":{"loc":{"start":{"line":21,"column":10},"end":{"line":21,"column":47}},"type":"binary-expr","locations":[{"start":{"line":21,"column":10},"end":{"line":21,"column":30}},{"start":{"line":21,"column":34},"end":{"line":21,"column":47}}],"line":21}},"s":{"0":15,"1":15,"2":15,"3":15,"4":15},"f":{},"b":{"0":[15,0]},"_coverageSchema":"332fd63041d2c1bcb487cc26dd0d5f7d97098a6c","hash":"d4b59e2e7d5dce05cb9446829efbaf2999ffb079"}
,"C:\\WWWR00T\\test\\bootstrap\\bootstrap-frontend-vue-auth\\src\\event-bus\\index.js": {"path":"C:\\WWWR00T\\test\\bootstrap\\bootstrap-frontend-vue-auth\\src\\event-bus\\index.js","statementMap":{"0":{"start":{"line":5,"column":17},"end":{"line":5,"column":35}},"1":{"start":{"line":6,"column":15},"end":{"line":16,"column":1}},"2":{"start":{"line":17,"column":0},"end":{"line":17,"column":39}},"3":{"start":{"line":19,"column":0},"end":{"line":21,"column":1}},"4":{"start":{"line":20,"column":2},"end":{"line":20,"column":49}},"5":{"start":{"line":22,"column":0},"end":{"line":24,"column":1}},"6":{"start":{"line":23,"column":2},"end":{"line":23,"column":47}}},"fnMap":{"0":{"name":"(anonymous_0)","decl":{"start":{"line":19,"column":19},"end":{"line":19,"column":20}},"loc":{"start":{"line":19,"column":38},"end":{"line":21,"column":1}},"line":19},"1":{"name":"(anonymous_1)","decl":{"start":{"line":22,"column":17},"end":{"line":22,"column":18}},"loc":{"start":{"line":22,"column":36},"end":{"line":24,"column":1}},"line":22}},"branchMap":{},"s":{"0":26,"1":26,"2":26,"3":26,"4":0,"5":26,"6":0},"f":{"0":0,"1":0},"b":{},"_coverageSchema":"332fd63041d2c1bcb487cc26dd0d5f7d97098a6c","hash":"134774d8dc3c3df6da172d28daad44f773a440a4"}
,"C:\\WWWR00T\\test\\bootstrap\\bootstrap-frontend-vue-auth\\src\\lib\\local-storage.js": {"path":"C:\\WWWR00T\\test\\bootstrap\\bootstrap-frontend-vue-auth\\src\\lib\\local-storage.js","statementMap":{"0":{"start":{"line":2,"column":2},"end":{"line":2,"column":43}},"1":{"start":{"line":6,"column":2},"end":{"line":14,"column":3}},"2":{"start":{"line":7,"column":4},"end":{"line":11,"column":5}},"3":{"start":{"line":8,"column":6},"end":{"line":8,"column":50}},"4":{"start":{"line":10,"column":6},"end":{"line":10,"column":19}},"5":{"start":{"line":13,"column":4},"end":{"line":13,"column":17}},"6":{"start":{"line":18,"column":2},"end":{"line":18,"column":50}},"7":{"start":{"line":22,"column":2},"end":{"line":22,"column":30}},"8":{"start":{"line":26,"column":2},"end":{"line":26,"column":22}}},"fnMap":{"0":{"name":"hasStored","decl":{"start":{"line":1,"column":16},"end":{"line":1,"column":25}},"loc":{"start":{"line":1,"column":32},"end":{"line":3,"column":1}},"line":1},"1":{"name":"getStored","decl":{"start":{"line":5,"column":16},"end":{"line":5,"column":25}},"loc":{"start":{"line":5,"column":40},"end":{"line":15,"column":1}},"line":5},"2":{"name":"putStored","decl":{"start":{"line":17,"column":16},"end":{"line":17,"column":25}},"loc":{"start":{"line":17,"column":39},"end":{"line":19,"column":1}},"line":17},"3":{"name":"deleteStored","decl":{"start":{"line":21,"column":16},"end":{"line":21,"column":28}},"loc":{"start":{"line":21,"column":35},"end":{"line":23,"column":1}},"line":21},"4":{"name":"deleteAll","decl":{"start":{"line":25,"column":16},"end":{"line":25,"column":25}},"loc":{"start":{"line":25,"column":29},"end":{"line":27,"column":1}},"line":25}},"branchMap":{"0":{"loc":{"start":{"line":6,"column":2},"end":{"line":14,"column":3}},"type":"if","locations":[{"start":{"line":6,"column":2},"end":{"line":14,"column":3}},{"start":{"line":6,"column":2},"end":{"line":14,"column":3}}],"line":6}},"s":{"0":52,"1":48,"2":13,"3":13,"4":0,"5":35,"6":46,"7":6,"8":1},"f":{"0":52,"1":48,"2":46,"3":6,"4":1},"b":{"0":[13,35]},"_coverageSchema":"332fd63041d2c1bcb487cc26dd0d5f7d97098a6c","hash":"28d5d81d5f58b9b8345e2fefb10812d8857e4d62"}
,"C:\\WWWR00T\\test\\bootstrap\\bootstrap-frontend-vue-auth\\src\\lib\\session-storage.js": {"path":"C:\\WWWR00T\\test\\bootstrap\\bootstrap-frontend-vue-auth\\src\\lib\\session-storage.js","statementMap":{"0":{"start":{"line":2,"column":2},"end":{"line":2,"column":45}},"1":{"start":{"line":6,"column":2},"end":{"line":15,"column":3}},"2":{"start":{"line":7,"column":4},"end":{"line":12,"column":5}},"3":{"start":{"line":8,"column":6},"end":{"line":8,"column":52}},"4":{"start":{"line":10,"column":6},"end":{"line":10,"column":49}},"5":{"start":{"line":11,"column":6},"end":{"line":11,"column":19}},"6":{"start":{"line":14,"column":4},"end":{"line":14,"column":17}},"7":{"start":{"line":19,"column":2},"end":{"line":19,"column":52}},"8":{"start":{"line":23,"column":2},"end":{"line":23,"column":32}},"9":{"start":{"line":27,"column":2},"end":{"line":27,"column":24}}},"fnMap":{"0":{"name":"hasStored","decl":{"start":{"line":1,"column":16},"end":{"line":1,"column":25}},"loc":{"start":{"line":1,"column":32},"end":{"line":3,"column":1}},"line":1},"1":{"name":"getStored","decl":{"start":{"line":5,"column":16},"end":{"line":5,"column":25}},"loc":{"start":{"line":5,"column":40},"end":{"line":16,"column":1}},"line":5},"2":{"name":"putStored","decl":{"start":{"line":18,"column":16},"end":{"line":18,"column":25}},"loc":{"start":{"line":18,"column":39},"end":{"line":20,"column":1}},"line":18},"3":{"name":"deleteStored","decl":{"start":{"line":22,"column":16},"end":{"line":22,"column":28}},"loc":{"start":{"line":22,"column":35},"end":{"line":24,"column":1}},"line":22},"4":{"name":"deleteAll","decl":{"start":{"line":26,"column":16},"end":{"line":26,"column":25}},"loc":{"start":{"line":26,"column":32},"end":{"line":28,"column":1}},"line":26}},"branchMap":{"0":{"loc":{"start":{"line":6,"column":2},"end":{"line":15,"column":3}},"type":"if","locations":[{"start":{"line":6,"column":2},"end":{"line":15,"column":3}},{"start":{"line":6,"column":2},"end":{"line":15,"column":3}}],"line":6}},"s":{"0":15,"1":11,"2":5,"3":5,"4":0,"5":0,"6":6,"7":5,"8":2,"9":1},"f":{"0":15,"1":11,"2":5,"3":2,"4":1},"b":{"0":[5,6]},"_coverageSchema":"332fd63041d2c1bcb487cc26dd0d5f7d97098a6c","hash":"66e9db0804072448683afd87336c6cf1ad000e95"}
,"C:\\WWWR00T\\test\\bootstrap\\bootstrap-frontend-vue-auth\\src\\lib\\validation.js": {"path":"C:\\WWWR00T\\test\\bootstrap\\bootstrap-frontend-vue-auth\\src\\lib\\validation.js","statementMap":{"0":{"start":{"line":1,"column":24},"end":{"line":17,"column":1}},"1":{"start":{"line":2,"column":30},"end":{"line":2,"column":80}},"2":{"start":{"line":3,"column":33},"end":{"line":3,"column":67}},"3":{"start":{"line":4,"column":42},"end":{"line":4,"column":110}},"4":{"start":{"line":5,"column":42},"end":{"line":5,"column":110}},"5":{"start":{"line":6,"column":40},"end":{"line":6,"column":88}},"6":{"start":{"line":7,"column":30},"end":{"line":7,"column":63}},"7":{"start":{"line":9,"column":31},"end":{"line":9,"column":214}},"8":{"start":{"line":10,"column":29},"end":{"line":10,"column":515}},"9":{"start":{"line":12,"column":4},"end":{"line":12,"column":42}},"10":{"start":{"line":15,"column":4},"end":{"line":15,"column":55}},"11":{"start":{"line":20,"column":0},"end":{"line":24,"column":1}},"12":{"start":{"line":21,"column":2},"end":{"line":23,"column":3}},"13":{"start":{"line":22,"column":4},"end":{"line":22,"column":99}},"14":{"start":{"line":25,"column":0},"end":{"line":29,"column":1}},"15":{"start":{"line":26,"column":2},"end":{"line":28,"column":3}},"16":{"start":{"line":27,"column":4},"end":{"line":27,"column":98}},"17":{"start":{"line":31,"column":0},"end":{"line":37,"column":1}},"18":{"start":{"line":32,"column":2},"end":{"line":36,"column":3}},"19":{"start":{"line":33,"column":4},"end":{"line":33,"column":72}},"20":{"start":{"line":35,"column":4},"end":{"line":35,"column":49}}},"fnMap":{"0":{"name":"(anonymous_0)","decl":{"start":{"line":2,"column":19},"end":{"line":2,"column":20}},"loc":{"start":{"line":2,"column":30},"end":{"line":2,"column":80}},"line":2},"1":{"name":"(anonymous_1)","decl":{"start":{"line":3,"column":22},"end":{"line":3,"column":23}},"loc":{"start":{"line":3,"column":33},"end":{"line":3,"column":67}},"line":3},"2":{"name":"(anonymous_2)","decl":{"start":{"line":4,"column":31},"end":{"line":4,"column":32}},"loc":{"start":{"line":4,"column":42},"end":{"line":4,"column":110}},"line":4},"3":{"name":"(anonymous_3)","decl":{"start":{"line":5,"column":31},"end":{"line":5,"column":32}},"loc":{"start":{"line":5,"column":42},"end":{"line":5,"column":110}},"line":5},"4":{"name":"(anonymous_4)","decl":{"start":{"line":6,"column":29},"end":{"line":6,"column":30}},"loc":{"start":{"line":6,"column":40},"end":{"line":6,"column":88}},"line":6},"5":{"name":"(anonymous_5)","decl":{"start":{"line":7,"column":19},"end":{"line":7,"column":20}},"loc":{"start":{"line":7,"column":30},"end":{"line":7,"column":63}},"line":7},"6":{"name":"(anonymous_6)","decl":{"start":{"line":9,"column":20},"end":{"line":9,"column":21}},"loc":{"start":{"line":9,"column":31},"end":{"line":9,"column":214}},"line":9},"7":{"name":"(anonymous_7)","decl":{"start":{"line":10,"column":18},"end":{"line":10,"column":19}},"loc":{"start":{"line":10,"column":29},"end":{"line":10,"column":515}},"line":10},"8":{"name":"(anonymous_8)","decl":{"start":{"line":11,"column":18},"end":{"line":11,"column":19}},"loc":{"start":{"line":11,"column":29},"end":{"line":13,"column":3}},"line":11},"9":{"name":"(anonymous_9)","decl":{"start":{"line":14,"column":24},"end":{"line":14,"column":25}},"loc":{"start":{"line":14,"column":35},"end":{"line":16,"column":3}},"line":14},"10":{"name":"(anonymous_10)","decl":{"start":{"line":20,"column":32},"end":{"line":20,"column":33}},"loc":{"start":{"line":20,"column":41},"end":{"line":24,"column":1}},"line":20},"11":{"name":"(anonymous_11)","decl":{"start":{"line":21,"column":9},"end":{"line":21,"column":10}},"loc":{"start":{"line":21,"column":20},"end":{"line":23,"column":3}},"line":21},"12":{"name":"(anonymous_12)","decl":{"start":{"line":25,"column":32},"end":{"line":25,"column":33}},"loc":{"start":{"line":25,"column":41},"end":{"line":29,"column":1}},"line":25},"13":{"name":"(anonymous_13)","decl":{"start":{"line":26,"column":9},"end":{"line":26,"column":10}},"loc":{"start":{"line":26,"column":20},"end":{"line":28,"column":3}},"line":26},"14":{"name":"(anonymous_14)","decl":{"start":{"line":31,"column":33},"end":{"line":31,"column":34}},"loc":{"start":{"line":31,"column":44},"end":{"line":37,"column":1}},"line":31}},"branchMap":{"0":{"loc":{"start":{"line":2,"column":30},"end":{"line":2,"column":80}},"type":"binary-expr","locations":[{"start":{"line":2,"column":30},"end":{"line":2,"column":44}},{"start":{"line":2,"column":48},"end":{"line":2,"column":80}}],"line":2},"1":{"loc":{"start":{"line":3,"column":33},"end":{"line":3,"column":67}},"type":"binary-expr","locations":[{"start":{"line":3,"column":33},"end":{"line":3,"column":47}},{"start":{"line":3,"column":51},"end":{"line":3,"column":67}}],"line":3},"2":{"loc":{"start":{"line":4,"column":42},"end":{"line":4,"column":110}},"type":"binary-expr","locations":[{"start":{"line":4,"column":43},"end":{"line":4,"column":57}},{"start":{"line":4,"column":61},"end":{"line":4,"column":78}},{"start":{"line":4,"column":83},"end":{"line":4,"column":110}}],"line":4},"3":{"loc":{"start":{"line":5,"column":42},"end":{"line":5,"column":110}},"type":"binary-expr","locations":[{"start":{"line":5,"column":43},"end":{"line":5,"column":57}},{"start":{"line":5,"column":61},"end":{"line":5,"column":78}},{"start":{"line":5,"column":83},"end":{"line":5,"column":110}}],"line":5},"4":{"loc":{"start":{"line":6,"column":40},"end":{"line":6,"column":88}},"type":"binary-expr","locations":[{"start":{"line":6,"column":40},"end":{"line":6,"column":54}},{"start":{"line":6,"column":58},"end":{"line":6,"column":88}}],"line":6},"5":{"loc":{"start":{"line":7,"column":30},"end":{"line":7,"column":63}},"type":"binary-expr","locations":[{"start":{"line":7,"column":30},"end":{"line":7,"column":44}},{"start":{"line":7,"column":48},"end":{"line":7,"column":63}}],"line":7},"6":{"loc":{"start":{"line":9,"column":31},"end":{"line":9,"column":214}},"type":"binary-expr","locations":[{"start":{"line":9,"column":31},"end":{"line":9,"column":193}},{"start":{"line":9,"column":197},"end":{"line":9,"column":214}}],"line":9},"7":{"loc":{"start":{"line":10,"column":29},"end":{"line":10,"column":515}},"type":"binary-expr","locations":[{"start":{"line":10,"column":29},"end":{"line":10,"column":497}},{"start":{"line":10,"column":501},"end":{"line":10,"column":515}}],"line":10},"8":{"loc":{"start":{"line":12,"column":11},"end":{"line":12,"column":42}},"type":"binary-expr","locations":[{"start":{"line":12,"column":11},"end":{"line":12,"column":25}},{"start":{"line":12,"column":29},"end":{"line":12,"column":42}}],"line":12},"9":{"loc":{"start":{"line":15,"column":11},"end":{"line":15,"column":55}},"type":"binary-expr","locations":[{"start":{"line":15,"column":11},"end":{"line":15,"column":33}},{"start":{"line":15,"column":37},"end":{"line":15,"column":55}}],"line":15},"10":{"loc":{"start":{"line":22,"column":11},"end":{"line":22,"column":99}},"type":"binary-expr","locations":[{"start":{"line":22,"column":11},"end":{"line":22,"column":38}},{"start":{"line":22,"column":42},"end":{"line":22,"column":99}}],"line":22},"11":{"loc":{"start":{"line":27,"column":11},"end":{"line":27,"column":98}},"type":"binary-expr","locations":[{"start":{"line":27,"column":11},"end":{"line":27,"column":38}},{"start":{"line":27,"column":42},"end":{"line":27,"column":98}}],"line":27},"12":{"loc":{"start":{"line":32,"column":2},"end":{"line":36,"column":3}},"type":"if","locations":[{"start":{"line":32,"column":2},"end":{"line":36,"column":3}},{"start":{"line":32,"column":2},"end":{"line":36,"column":3}}],"line":32},"13":{"loc":{"start":{"line":33,"column":11},"end":{"line":33,"column":72}},"type":"binary-expr","locations":[{"start":{"line":33,"column":11},"end":{"line":33,"column":36}},{"start":{"line":33,"column":40},"end":{"line":33,"column":72}}],"line":33}},"s":{"0":8,"1":0,"2":0,"3":0,"4":0,"5":0,"6":0,"7":0,"8":0,"9":0,"10":0,"11":8,"12":2,"13":0,"14":8,"15":2,"16":0,"17":8,"18":0,"19":0,"20":0},"f":{"0":0,"1":0,"2":0,"3":0,"4":0,"5":0,"6":0,"7":0,"8":0,"9":0,"10":2,"11":0,"12":2,"13":0,"14":0},"b":{"0":[0,0],"1":[0,0],"2":[0,0,0],"3":[0,0,0],"4":[0,0],"5":[0,0],"6":[0,0],"7":[0,0],"8":[0,0],"9":[0,0],"10":[0,0],"11":[0,0],"12":[0,0],"13":[0,0]},"_coverageSchema":"332fd63041d2c1bcb487cc26dd0d5f7d97098a6c","hash":"e950bcd6dcfdf19b85e25be36bd099f895e3f67c"}
,"C:\\WWWR00T\\test\\bootstrap\\bootstrap-frontend-vue-auth\\src\\router\\activator.js": {"path":"C:\\WWWR00T\\test\\bootstrap\\bootstrap-frontend-vue-auth\\src\\router\\activator.js","statementMap":{"0":{"start":{"line":6,"column":2},"end":{"line":6,"column":32}},"1":{"start":{"line":7,"column":2},"end":{"line":15,"column":3}},"2":{"start":{"line":8,"column":21},"end":{"line":8,"column":55}},"3":{"start":{"line":9,"column":17},"end":{"line":9,"column":30}},"4":{"start":{"line":10,"column":17},"end":{"line":10,"column":30}},"5":{"start":{"line":11,"column":4},"end":{"line":11,"column":49}},"6":{"start":{"line":12,"column":4},"end":{"line":12,"column":15}},"7":{"start":{"line":14,"column":4},"end":{"line":14,"column":16}}},"fnMap":{"0":{"name":"activator","decl":{"start":{"line":5,"column":15},"end":{"line":5,"column":24}},"loc":{"start":{"line":5,"column":32},"end":{"line":16,"column":1}},"line":5}},"branchMap":{},"s":{"0":3,"1":3,"2":3,"3":1,"4":1,"5":1,"6":1,"7":2},"f":{"0":3},"b":{},"_coverageSchema":"332fd63041d2c1bcb487cc26dd0d5f7d97098a6c","hash":"768a6248882cbc20812e196f750c73e5ef17687c"}
,"C:\\WWWR00T\\test\\bootstrap\\bootstrap-frontend-vue-auth\\src\\router\\index.js": {"path":"C:\\WWWR00T\\test\\bootstrap\\bootstrap-frontend-vue-auth\\src\\router\\index.js","statementMap":{"0":{"start":{"line":6,"column":0},"end":{"line":6,"column":15}},"1":{"start":{"line":9,"column":2},"end":{"line":9,"column":52}},"2":{"start":{"line":12,"column":27},"end":{"line":18,"column":1}},"3":{"start":{"line":13,"column":2},"end":{"line":16,"column":3}},"4":{"start":{"line":14,"column":4},"end":{"line":14,"column":10}},"5":{"start":{"line":15,"column":4},"end":{"line":15,"column":10}},"6":{"start":{"line":17,"column":2},"end":{"line":17,"column":11}},"7":{"start":{"line":20,"column":24},"end":{"line":31,"column":1}},"8":{"start":{"line":21,"column":2},"end":{"line":29,"column":3}},"9":{"start":{"line":22,"column":4},"end":{"line":27,"column":5}},"10":{"start":{"line":23,"column":6},"end":{"line":23,"column":59}},"11":{"start":{"line":24,"column":6},"end":{"line":24,"column":29}},"12":{"start":{"line":26,"column":6},"end":{"line":26,"column":12}},"13":{"start":{"line":28,"column":4},"end":{"line":28,"column":10}},"14":{"start":{"line":30,"column":2},"end":{"line":30,"column":16}},"15":{"start":{"line":32,"column":29},"end":{"line":38,"column":1}},"16":{"start":{"line":33,"column":2},"end":{"line":36,"column":3}},"17":{"start":{"line":34,"column":4},"end":{"line":34,"column":10}},"18":{"start":{"line":35,"column":4},"end":{"line":35,"column":10}},"19":{"start":{"line":37,"column":2},"end":{"line":37,"column":11}},"20":{"start":{"line":90,"column":24},"end":{"line":90,"column":57}},"21":{"start":{"line":91,"column":8},"end":{"line":95,"column":9}},"22":{"start":{"line":92,"column":10},"end":{"line":92,"column":19}},"23":{"start":{"line":94,"column":10},"end":{"line":94,"column":24}},"24":{"start":{"line":102,"column":8},"end":{"line":106,"column":9}},"25":{"start":{"line":103,"column":22},"end":{"line":103,"column":46}},"26":{"start":{"line":104,"column":10},"end":{"line":104,"column":42}},"27":{"start":{"line":105,"column":10},"end":{"line":105,"column":40}},"28":{"start":{"line":107,"column":8},"end":{"line":107,"column":22}},"29":{"start":{"line":116,"column":4},"end":{"line":120,"column":5}},"30":{"start":{"line":117,"column":6},"end":{"line":117,"column":26}},"31":{"start":{"line":119,"column":6},"end":{"line":119,"column":27}}},"fnMap":{"0":{"name":"load","decl":{"start":{"line":8,"column":9},"end":{"line":8,"column":13}},"loc":{"start":{"line":8,"column":26},"end":{"line":10,"column":1}},"line":8},"1":{"name":"(anonymous_1)","decl":{"start":{"line":12,"column":27},"end":{"line":12,"column":28}},"loc":{"start":{"line":12,"column":47},"end":{"line":18,"column":1}},"line":12},"2":{"name":"(anonymous_2)","decl":{"start":{"line":20,"column":24},"end":{"line":20,"column":25}},"loc":{"start":{"line":20,"column":44},"end":{"line":31,"column":1}},"line":20},"3":{"name":"(anonymous_3)","decl":{"start":{"line":32,"column":29},"end":{"line":32,"column":30}},"loc":{"start":{"line":32,"column":49},"end":{"line":38,"column":1}},"line":32},"4":{"name":"(anonymous_4)","decl":{"start":{"line":89,"column":19},"end":{"line":89,"column":20}},"loc":{"start":{"line":89,"column":45},"end":{"line":96,"column":7}},"line":89},"5":{"name":"(anonymous_5)","decl":{"start":{"line":101,"column":19},"end":{"line":101,"column":20}},"loc":{"start":{"line":101,"column":45},"end":{"line":108,"column":7}},"line":101}},"branchMap":{"0":{"loc":{"start":{"line":13,"column":2},"end":{"line":16,"column":3}},"type":"if","locations":[{"start":{"line":13,"column":2},"end":{"line":16,"column":3}},{"start":{"line":13,"column":2},"end":{"line":16,"column":3}}],"line":13},"1":{"loc":{"start":{"line":21,"column":2},"end":{"line":29,"column":3}},"type":"if","locations":[{"start":{"line":21,"column":2},"end":{"line":29,"column":3}},{"start":{"line":21,"column":2},"end":{"line":29,"column":3}}],"line":21},"2":{"loc":{"start":{"line":22,"column":4},"end":{"line":27,"column":5}},"type":"if","locations":[{"start":{"line":22,"column":4},"end":{"line":27,"column":5}},{"start":{"line":22,"column":4},"end":{"line":27,"column":5}}],"line":22},"3":{"loc":{"start":{"line":33,"column":2},"end":{"line":36,"column":3}},"type":"if","locations":[{"start":{"line":33,"column":2},"end":{"line":36,"column":3}},{"start":{"line":33,"column":2},"end":{"line":36,"column":3}}],"line":33},"4":{"loc":{"start":{"line":91,"column":8},"end":{"line":95,"column":9}},"type":"if","locations":[{"start":{"line":91,"column":8},"end":{"line":95,"column":9}},{"start":{"line":91,"column":8},"end":{"line":95,"column":9}}],"line":91},"5":{"loc":{"start":{"line":102,"column":8},"end":{"line":106,"column":9}},"type":"if","locations":[{"start":{"line":102,"column":8},"end":{"line":106,"column":9}},{"start":{"line":102,"column":8},"end":{"line":106,"column":9}}],"line":102},"6":{"loc":{"start":{"line":116,"column":4},"end":{"line":120,"column":5}},"type":"if","locations":[{"start":{"line":116,"column":4},"end":{"line":120,"column":5}},{"start":{"line":116,"column":4},"end":{"line":120,"column":5}}],"line":116},"7":{"loc":{"start":{"line":116,"column":8},"end":{"line":116,"column":40}},"type":"binary-expr","locations":[{"start":{"line":116,"column":8},"end":{"line":116,"column":21}},{"start":{"line":116,"column":25},"end":{"line":116,"column":40}}],"line":116}},"s":{"0":8,"1":64,"2":8,"3":9,"4":8,"5":8,"6":1,"7":8,"8":15,"9":4,"10":0,"11":0,"12":4,"13":4,"14":11,"15":8,"16":0,"17":0,"18":0,"19":0,"20":0,"21":0,"22":0,"23":0,"24":0,"25":0,"26":0,"27":0,"28":0,"29":8,"30":0,"31":8},"f":{"0":64,"1":9,"2":15,"3":0,"4":0,"5":0},"b":{"0":[8,1],"1":[4,11],"2":[0,4],"3":[0,0],"4":[0,0],"5":[0,0],"6":[0,8],"7":[8,0]},"_coverageSchema":"332fd63041d2c1bcb487cc26dd0d5f7d97098a6c","hash":"f15dc47725dd4df6bf130e43f0a6526239eb089e"}
,"C:\\WWWR00T\\test\\bootstrap\\bootstrap-frontend-vue-auth\\src\\store\\index.js": {"path":"C:\\WWWR00T\\test\\bootstrap\\bootstrap-frontend-vue-auth\\src\\store\\index.js","statementMap":{"0":{"start":{"line":6,"column":0},"end":{"line":6,"column":13}},"1":{"start":{"line":8,"column":14},"end":{"line":8,"column":16}},"2":{"start":{"line":9,"column":16},"end":{"line":12,"column":1}},"3":{"start":{"line":10,"column":17},"end":{"line":10,"column":35}},"4":{"start":{"line":11,"column":28},"end":{"line":11,"column":62}},"5":{"start":{"line":13,"column":18},"end":{"line":13,"column":20}},"6":{"start":{"line":15,"column":16},"end":{"line":15,"column":18}},"7":{"start":{"line":17,"column":14},"end":{"line":26,"column":2}},"8":{"start":{"line":28,"column":0},"end":{"line":31,"column":2}},"9":{"start":{"line":29,"column":2},"end":{"line":29,"column":58}},"10":{"start":{"line":30,"column":2},"end":{"line":30,"column":60}},"11":{"start":{"line":33,"column":0},"end":{"line":37,"column":2}},"12":{"start":{"line":34,"column":2},"end":{"line":34,"column":44}},"13":{"start":{"line":35,"column":2},"end":{"line":35,"column":45}},"14":{"start":{"line":36,"column":2},"end":{"line":36,"column":37}},"15":{"start":{"line":39,"column":0},"end":{"line":45,"column":1}},"16":{"start":{"line":40,"column":2},"end":{"line":44,"column":4}},"17":{"start":{"line":41,"column":4},"end":{"line":41,"column":62}},"18":{"start":{"line":42,"column":42},"end":{"line":42,"column":55}},"19":{"start":{"line":43,"column":4},"end":{"line":43,"column":77}}},"fnMap":{"0":{"name":"(anonymous_0)","decl":{"start":{"line":10,"column":8},"end":{"line":10,"column":9}},"loc":{"start":{"line":10,"column":17},"end":{"line":10,"column":35}},"line":10},"1":{"name":"(anonymous_1)","decl":{"start":{"line":11,"column":19},"end":{"line":11,"column":20}},"loc":{"start":{"line":11,"column":28},"end":{"line":11,"column":62}},"line":11},"2":{"name":"(anonymous_2)","decl":{"start":{"line":28,"column":41},"end":{"line":28,"column":42}},"loc":{"start":{"line":28,"column":51},"end":{"line":31,"column":1}},"line":28},"3":{"name":"(anonymous_3)","decl":{"start":{"line":33,"column":36},"end":{"line":33,"column":37}},"loc":{"start":{"line":33,"column":46},"end":{"line":37,"column":1}},"line":33},"4":{"name":"(anonymous_4)","decl":{"start":{"line":40,"column":15},"end":{"line":40,"column":16}},"loc":{"start":{"line":40,"column":21},"end":{"line":44,"column":3}},"line":40}},"branchMap":{"0":{"loc":{"start":{"line":39,"column":0},"end":{"line":45,"column":1}},"type":"if","locations":[{"start":{"line":39,"column":0},"end":{"line":45,"column":1}},{"start":{"line":39,"column":0},"end":{"line":45,"column":1}}],"line":39}},"s":{"0":10,"1":10,"2":10,"3":1,"4":11,"5":10,"6":10,"7":10,"8":10,"9":6,"10":6,"11":10,"12":1,"13":1,"14":1,"15":10,"16":1,"17":1,"18":1,"19":1},"f":{"0":1,"1":11,"2":6,"3":1,"4":1},"b":{"0":[1,9]},"_coverageSchema":"332fd63041d2c1bcb487cc26dd0d5f7d97098a6c","hash":"46232e88993b2239189333c967d8c91720b76a11"}
,"C:\\WWWR00T\\test\\bootstrap\\bootstrap-frontend-vue-auth\\src\\store\\modules\\account.js": {"path":"C:\\WWWR00T\\test\\bootstrap\\bootstrap-frontend-vue-auth\\src\\store\\modules\\account.js","statementMap":{"0":{"start":{"line":6,"column":15},"end":{"line":8,"column":1}},"1":{"start":{"line":7,"column":2},"end":{"line":7,"column":53}},"2":{"start":{"line":10,"column":14},"end":{"line":12,"column":1}},"3":{"start":{"line":11,"column":2},"end":{"line":11,"column":52}},"4":{"start":{"line":14,"column":13},"end":{"line":16,"column":1}},"5":{"start":{"line":15,"column":2},"end":{"line":15,"column":48}},"6":{"start":{"line":18,"column":14},"end":{"line":22,"column":1}},"7":{"start":{"line":24,"column":16},"end":{"line":30,"column":1}},"8":{"start":{"line":25,"column":17},"end":{"line":25,"column":27}},"9":{"start":{"line":26,"column":24},"end":{"line":26,"column":41}},"10":{"start":{"line":27,"column":25},"end":{"line":27,"column":43}},"11":{"start":{"line":28,"column":28},"end":{"line":28,"column":55}},"12":{"start":{"line":29,"column":31},"end":{"line":29,"column":74}},"13":{"start":{"line":32,"column":18},"end":{"line":69,"column":1}},"14":{"start":{"line":34,"column":4},"end":{"line":34,"column":21}},"15":{"start":{"line":35,"column":4},"end":{"line":35,"column":29}},"16":{"start":{"line":38,"column":4},"end":{"line":38,"column":35}},"17":{"start":{"line":39,"column":4},"end":{"line":39,"column":44}},"18":{"start":{"line":42,"column":4},"end":{"line":42,"column":37}},"19":{"start":{"line":43,"column":4},"end":{"line":43,"column":46}},"20":{"start":{"line":46,"column":4},"end":{"line":46,"column":21}},"21":{"start":{"line":47,"column":42},"end":{"line":47,"column":46}},"22":{"start":{"line":48,"column":4},"end":{"line":48,"column":35}},"23":{"start":{"line":49,"column":4},"end":{"line":49,"column":37}},"24":{"start":{"line":50,"column":4},"end":{"line":50,"column":29}},"25":{"start":{"line":51,"column":4},"end":{"line":51,"column":44}},"26":{"start":{"line":52,"column":4},"end":{"line":52,"column":46}},"27":{"start":{"line":53,"column":4},"end":{"line":53,"column":46}},"28":{"start":{"line":54,"column":4},"end":{"line":54,"column":52}},"29":{"start":{"line":57,"column":4},"end":{"line":57,"column":19}},"30":{"start":{"line":58,"column":4},"end":{"line":58,"column":26}},"31":{"start":{"line":59,"column":4},"end":{"line":59,"column":27}},"32":{"start":{"line":60,"column":4},"end":{"line":60,"column":24}},"33":{"start":{"line":61,"column":4},"end":{"line":61,"column":25}},"34":{"start":{"line":62,"column":4},"end":{"line":62,"column":41}},"35":{"start":{"line":65,"column":4},"end":{"line":67,"column":5}},"36":{"start":{"line":66,"column":6},"end":{"line":66,"column":34}}},"fnMap":{"0":{"name":"(anonymous_0)","decl":{"start":{"line":6,"column":15},"end":{"line":6,"column":16}},"loc":{"start":{"line":6,"column":32},"end":{"line":8,"column":1}},"line":6},"1":{"name":"(anonymous_1)","decl":{"start":{"line":10,"column":14},"end":{"line":10,"column":15}},"loc":{"start":{"line":10,"column":30},"end":{"line":12,"column":1}},"line":10},"2":{"name":"(anonymous_2)","decl":{"start":{"line":14,"column":13},"end":{"line":14,"column":14}},"loc":{"start":{"line":14,"column":22},"end":{"line":16,"column":1}},"line":14},"3":{"name":"(anonymous_3)","decl":{"start":{"line":25,"column":8},"end":{"line":25,"column":9}},"loc":{"start":{"line":25,"column":17},"end":{"line":25,"column":27}},"line":25},"4":{"name":"(anonymous_4)","decl":{"start":{"line":26,"column":15},"end":{"line":26,"column":16}},"loc":{"start":{"line":26,"column":24},"end":{"line":26,"column":41}},"line":26},"5":{"name":"(anonymous_5)","decl":{"start":{"line":27,"column":16},"end":{"line":27,"column":17}},"loc":{"start":{"line":27,"column":25},"end":{"line":27,"column":43}},"line":27},"6":{"name":"(anonymous_6)","decl":{"start":{"line":28,"column":19},"end":{"line":28,"column":20}},"loc":{"start":{"line":28,"column":28},"end":{"line":28,"column":55}},"line":28},"7":{"name":"(anonymous_7)","decl":{"start":{"line":29,"column":22},"end":{"line":29,"column":23}},"loc":{"start":{"line":29,"column":31},"end":{"line":29,"column":74}},"line":29},"8":{"name":"(anonymous_8)","decl":{"start":{"line":33,"column":11},"end":{"line":33,"column":12}},"loc":{"start":{"line":33,"column":28},"end":{"line":36,"column":3}},"line":33},"9":{"name":"(anonymous_9)","decl":{"start":{"line":37,"column":18},"end":{"line":37,"column":19}},"loc":{"start":{"line":37,"column":42},"end":{"line":40,"column":3}},"line":37},"10":{"name":"(anonymous_10)","decl":{"start":{"line":41,"column":19},"end":{"line":41,"column":20}},"loc":{"start":{"line":41,"column":44},"end":{"line":44,"column":3}},"line":41},"11":{"name":"(anonymous_11)","decl":{"start":{"line":45,"column":9},"end":{"line":45,"column":10}},"loc":{"start":{"line":45,"column":36},"end":{"line":55,"column":3}},"line":45},"12":{"name":"(anonymous_12)","decl":{"start":{"line":56,"column":10},"end":{"line":56,"column":11}},"loc":{"start":{"line":56,"column":19},"end":{"line":63,"column":3}},"line":56},"13":{"name":"(anonymous_13)","decl":{"start":{"line":64,"column":27},"end":{"line":64,"column":28}},"loc":{"start":{"line":64,"column":38},"end":{"line":68,"column":3}},"line":64}},"branchMap":{"0":{"loc":{"start":{"line":29,"column":31},"end":{"line":29,"column":74}},"type":"binary-expr","locations":[{"start":{"line":29,"column":31},"end":{"line":29,"column":41}},{"start":{"line":29,"column":45},"end":{"line":29,"column":74}}],"line":29},"1":{"loc":{"start":{"line":65,"column":4},"end":{"line":67,"column":5}},"type":"if","locations":[{"start":{"line":65,"column":4},"end":{"line":67,"column":5}},{"start":{"line":65,"column":4},"end":{"line":67,"column":5}}],"line":65}},"s":{"0":12,"1":36,"2":12,"3":30,"4":12,"5":4,"6":12,"7":12,"8":2,"9":1,"10":1,"11":4,"12":11,"13":12,"14":4,"15":4,"16":7,"17":7,"18":7,"19":7,"20":4,"21":4,"22":4,"23":4,"24":4,"25":4,"26":4,"27":4,"28":4,"29":2,"30":2,"31":2,"32":2,"33":2,"34":2,"35":3,"36":3},"f":{"0":36,"1":30,"2":4,"3":2,"4":1,"5":1,"6":4,"7":11,"8":4,"9":7,"10":7,"11":4,"12":2,"13":3},"b":{"0":[11,11],"1":[3,0]},"_coverageSchema":"332fd63041d2c1bcb487cc26dd0d5f7d97098a6c","hash":"702426303834342cd73b2baad7e734c77ad3cc4f"}
,"C:\\WWWR00T\\test\\bootstrap\\bootstrap-frontend-vue-auth\\src\\traits\\formatting.js": {"path":"C:\\WWWR00T\\test\\bootstrap\\bootstrap-frontend-vue-auth\\src\\traits\\formatting.js","statementMap":{"0":{"start":{"line":25,"column":18},"end":{"line":25,"column":44}},"1":{"start":{"line":26,"column":18},"end":{"line":26,"column":44}},"2":{"start":{"line":28,"column":25},"end":{"line":28,"column":32}},"3":{"start":{"line":29,"column":28},"end":{"line":29,"column":58}},"4":{"start":{"line":32,"column":2},"end":{"line":32,"column":19}},"5":{"start":{"line":33,"column":2},"end":{"line":33,"column":30}},"6":{"start":{"line":33,"column":15},"end":{"line":33,"column":30}},"7":{"start":{"line":34,"column":10},"end":{"line":34,"column":14}},"8":{"start":{"line":35,"column":10},"end":{"line":35,"column":16}},"9":{"start":{"line":36,"column":10},"end":{"line":36,"column":66}},"10":{"start":{"line":37,"column":10},"end":{"line":37,"column":47}},"11":{"start":{"line":38,"column":2},"end":{"line":38,"column":65}},"12":{"start":{"line":42,"column":2},"end":{"line":45,"column":4}},"13":{"start":{"line":49,"column":2},"end":{"line":49,"column":35}},"14":{"start":{"line":53,"column":21},"end":{"line":66,"column":3}},"15":{"start":{"line":67,"column":2},"end":{"line":67,"column":26}},"16":{"start":{"line":70,"column":21},"end":{"line":83,"column":3}},"17":{"start":{"line":84,"column":2},"end":{"line":84,"column":26}},"18":{"start":{"line":87,"column":2},"end":{"line":87,"column":69}},"19":{"start":{"line":90,"column":2},"end":{"line":90,"column":64}},"20":{"start":{"line":93,"column":2},"end":{"line":93,"column":66}},"21":{"start":{"line":96,"column":2},"end":{"line":96,"column":83}},"22":{"start":{"line":100,"column":2},"end":{"line":113,"column":3}},"23":{"start":{"line":101,"column":4},"end":{"line":101,"column":29}},"24":{"start":{"line":103,"column":4},"end":{"line":112,"column":5}},"25":{"start":{"line":105,"column":8},"end":{"line":105,"column":32}},"26":{"start":{"line":109,"column":8},"end":{"line":109,"column":32}},"27":{"start":{"line":111,"column":8},"end":{"line":111,"column":33}},"28":{"start":{"line":116,"column":2},"end":{"line":116,"column":58}},"29":{"start":{"line":120,"column":2},"end":{"line":120,"column":58}},"30":{"start":{"line":124,"column":2},"end":{"line":124,"column":49}},"31":{"start":{"line":128,"column":2},"end":{"line":128,"column":54}},"32":{"start":{"line":132,"column":2},"end":{"line":132,"column":57}},"33":{"start":{"line":138,"column":6},"end":{"line":142,"column":7}},"34":{"start":{"line":139,"column":8},"end":{"line":139,"column":48}},"35":{"start":{"line":141,"column":8},"end":{"line":141,"column":17}},"36":{"start":{"line":145,"column":6},"end":{"line":149,"column":7}},"37":{"start":{"line":146,"column":8},"end":{"line":146,"column":54}},"38":{"start":{"line":148,"column":8},"end":{"line":148,"column":17}},"39":{"start":{"line":152,"column":6},"end":{"line":156,"column":7}},"40":{"start":{"line":153,"column":8},"end":{"line":153,"column":43}},"41":{"start":{"line":155,"column":8},"end":{"line":155,"column":17}},"42":{"start":{"line":159,"column":6},"end":{"line":163,"column":7}},"43":{"start":{"line":160,"column":8},"end":{"line":160,"column":66}},"44":{"start":{"line":162,"column":8},"end":{"line":162,"column":17}},"45":{"start":{"line":166,"column":6},"end":{"line":170,"column":7}},"46":{"start":{"line":167,"column":8},"end":{"line":167,"column":60}},"47":{"start":{"line":169,"column":8},"end":{"line":169,"column":17}},"48":{"start":{"line":173,"column":6},"end":{"line":177,"column":7}},"49":{"start":{"line":174,"column":8},"end":{"line":174,"column":55}},"50":{"start":{"line":176,"column":8},"end":{"line":176,"column":17}},"51":{"start":{"line":180,"column":14},"end":{"line":180,"column":26}},"52":{"start":{"line":181,"column":19},"end":{"line":181,"column":21}},"53":{"start":{"line":182,"column":6},"end":{"line":182,"column":33}},"54":{"start":{"line":183,"column":6},"end":{"line":183,"column":46}},"55":{"start":{"line":184,"column":6},"end":{"line":184,"column":35}},"56":{"start":{"line":185,"column":6},"end":{"line":185,"column":29}},"57":{"start":{"line":188,"column":6},"end":{"line":188,"column":31}},"58":{"start":{"line":191,"column":6},"end":{"line":191,"column":29}},"59":{"start":{"line":194,"column":6},"end":{"line":194,"column":28}},"60":{"start":{"line":197,"column":6},"end":{"line":197,"column":25}},"61":{"start":{"line":200,"column":6},"end":{"line":200,"column":27}},"62":{"start":{"line":203,"column":6},"end":{"line":203,"column":27}},"63":{"start":{"line":206,"column":6},"end":{"line":206,"column":34}},"64":{"start":{"line":209,"column":6},"end":{"line":209,"column":34}},"65":{"start":{"line":212,"column":6},"end":{"line":212,"column":34}},"66":{"start":{"line":215,"column":6},"end":{"line":215,"column":34}},"67":{"start":{"line":220,"column":6},"end":{"line":220,"column":36}},"68":{"start":{"line":223,"column":6},"end":{"line":223,"column":32}},"69":{"start":{"line":226,"column":6},"end":{"line":226,"column":29}},"70":{"start":{"line":229,"column":6},"end":{"line":229,"column":29}},"71":{"start":{"line":232,"column":6},"end":{"line":232,"column":30}},"72":{"start":{"line":235,"column":6},"end":{"line":235,"column":32}},"73":{"start":{"line":238,"column":6},"end":{"line":238,"column":51}},"74":{"start":{"line":241,"column":6},"end":{"line":241,"column":45}},"75":{"start":{"line":244,"column":6},"end":{"line":244,"column":40}},"76":{"start":{"line":247,"column":6},"end":{"line":247,"column":29}},"77":{"start":{"line":250,"column":6},"end":{"line":250,"column":28}},"78":{"start":{"line":253,"column":6},"end":{"line":253,"column":25}},"79":{"start":{"line":256,"column":6},"end":{"line":256,"column":27}},"80":{"start":{"line":259,"column":6},"end":{"line":259,"column":27}},"81":{"start":{"line":262,"column":6},"end":{"line":262,"column":35}},"82":{"start":{"line":265,"column":6},"end":{"line":265,"column":32}}},"fnMap":{"0":{"name":"formatBytes","decl":{"start":{"line":31,"column":9},"end":{"line":31,"column":20}},"loc":{"start":{"line":31,"column":28},"end":{"line":39,"column":1}},"line":31},"1":{"name":"shortenStr","decl":{"start":{"line":41,"column":9},"end":{"line":41,"column":19}},"loc":{"start":{"line":41,"column":36},"end":{"line":46,"column":1}},"line":41},"2":{"name":"zeroPad","decl":{"start":{"line":48,"column":9},"end":{"line":48,"column":16}},"loc":{"start":{"line":48,"column":30},"end":{"line":50,"column":1}},"line":48},"3":{"name":"getMonthDateName","decl":{"start":{"line":52,"column":9},"end":{"line":52,"column":25}},"loc":{"start":{"line":52,"column":34},"end":{"line":68,"column":1}},"line":52},"4":{"name":"getMonthName","decl":{"start":{"line":69,"column":9},"end":{"line":69,"column":21}},"loc":{"start":{"line":69,"column":30},"end":{"line":85,"column":1}},"line":69},"5":{"name":"utcToLocal","decl":{"start":{"line":86,"column":9},"end":{"line":86,"column":19}},"loc":{"start":{"line":86,"column":27},"end":{"line":88,"column":1}},"line":86},"6":{"name":"localToUtc","decl":{"start":{"line":89,"column":9},"end":{"line":89,"column":19}},"loc":{"start":{"line":89,"column":27},"end":{"line":91,"column":1}},"line":89},"7":{"name":"utcToMoscow","decl":{"start":{"line":92,"column":9},"end":{"line":92,"column":20}},"loc":{"start":{"line":92,"column":28},"end":{"line":94,"column":1}},"line":92},"8":{"name":"localToMoscow","decl":{"start":{"line":95,"column":9},"end":{"line":95,"column":22}},"loc":{"start":{"line":95,"column":30},"end":{"line":97,"column":1}},"line":95},"9":{"name":"_quantity","decl":{"start":{"line":99,"column":9},"end":{"line":99,"column":18}},"loc":{"start":{"line":99,"column":43},"end":{"line":114,"column":1}},"line":99},"10":{"name":"questions","decl":{"start":{"line":115,"column":9},"end":{"line":115,"column":18}},"loc":{"start":{"line":115,"column":27},"end":{"line":117,"column":1}},"line":115},"11":{"name":"attempts","decl":{"start":{"line":119,"column":9},"end":{"line":119,"column":17}},"loc":{"start":{"line":119,"column":26},"end":{"line":121,"column":1}},"line":119},"12":{"name":"hours","decl":{"start":{"line":123,"column":9},"end":{"line":123,"column":14}},"loc":{"start":{"line":123,"column":23},"end":{"line":125,"column":1}},"line":123},"13":{"name":"minutes","decl":{"start":{"line":127,"column":9},"end":{"line":127,"column":16}},"loc":{"start":{"line":127,"column":25},"end":{"line":129,"column":1}},"line":127},"14":{"name":"seconds","decl":{"start":{"line":131,"column":9},"end":{"line":131,"column":16}},"loc":{"start":{"line":131,"column":25},"end":{"line":133,"column":1}},"line":131}},"branchMap":{"0":{"loc":{"start":{"line":33,"column":2},"end":{"line":33,"column":30}},"type":"if","locations":[{"start":{"line":33,"column":2},"end":{"line":33,"column":30}},{"start":{"line":33,"column":2},"end":{"line":33,"column":30}}],"line":33},"1":{"loc":{"start":{"line":35,"column":10},"end":{"line":35,"column":16}},"type":"binary-expr","locations":[{"start":{"line":35,"column":10},"end":{"line":35,"column":11}},{"start":{"line":35,"column":15},"end":{"line":35,"column":16}}],"line":35},"2":{"loc":{"start":{"line":100,"column":2},"end":{"line":113,"column":3}},"type":"if","locations":[{"start":{"line":100,"column":2},"end":{"line":113,"column":3}},{"start":{"line":100,"column":2},"end":{"line":113,"column":3}}],"line":100},"3":{"loc":{"start":{"line":100,"column":6},"end":{"line":100,"column":42}},"type":"binary-expr","locations":[{"start":{"line":100,"column":6},"end":{"line":100,"column":22}},{"start":{"line":100,"column":26},"end":{"line":100,"column":42}}],"line":100},"4":{"loc":{"start":{"line":103,"column":4},"end":{"line":112,"column":5}},"type":"switch","locations":[{"start":{"line":104,"column":6},"end":{"line":105,"column":32}},{"start":{"line":106,"column":6},"end":{"line":106,"column":13}},{"start":{"line":107,"column":6},"end":{"line":107,"column":13}},{"start":{"line":108,"column":6},"end":{"line":109,"column":32}},{"start":{"line":110,"column":6},"end":{"line":111,"column":33}}],"line":103},"5":{"loc":{"start":{"line":138,"column":6},"end":{"line":142,"column":7}},"type":"if","locations":[{"start":{"line":138,"column":6},"end":{"line":142,"column":7}},{"start":{"line":138,"column":6},"end":{"line":142,"column":7}}],"line":138},"6":{"loc":{"start":{"line":145,"column":6},"end":{"line":149,"column":7}},"type":"if","locations":[{"start":{"line":145,"column":6},"end":{"line":149,"column":7}},{"start":{"line":145,"column":6},"end":{"line":149,"column":7}}],"line":145},"7":{"loc":{"start":{"line":152,"column":6},"end":{"line":156,"column":7}},"type":"if","locations":[{"start":{"line":152,"column":6},"end":{"line":156,"column":7}},{"start":{"line":152,"column":6},"end":{"line":156,"column":7}}],"line":152},"8":{"loc":{"start":{"line":159,"column":6},"end":{"line":163,"column":7}},"type":"if","locations":[{"start":{"line":159,"column":6},"end":{"line":163,"column":7}},{"start":{"line":159,"column":6},"end":{"line":163,"column":7}}],"line":159},"9":{"loc":{"start":{"line":166,"column":6},"end":{"line":170,"column":7}},"type":"if","locations":[{"start":{"line":166,"column":6},"end":{"line":170,"column":7}},{"start":{"line":166,"column":6},"end":{"line":170,"column":7}}],"line":166},"10":{"loc":{"start":{"line":173,"column":6},"end":{"line":177,"column":7}},"type":"if","locations":[{"start":{"line":173,"column":6},"end":{"line":177,"column":7}},{"start":{"line":173,"column":6},"end":{"line":177,"column":7}}],"line":173}},"s":{"0":10,"1":10,"2":10,"3":10,"4":6,"5":6,"6":0,"7":6,"8":6,"9":6,"10":6,"11":6,"12":4,"13":0,"14":3,"15":3,"16":2,"17":2,"18":4,"19":1,"20":1,"21":1,"22":0,"23":0,"24":0,"25":0,"26":0,"27":0,"28":0,"29":0,"30":0,"31":0,"32":0,"33":2,"34":1,"35":1,"36":2,"37":1,"38":1,"39":2,"40":1,"41":1,"42":4,"43":1,"44":3,"45":1,"46":1,"47":0,"48":1,"49":1,"50":0,"51":1,"52":1,"53":1,"54":1,"55":1,"56":1,"57":6,"58":0,"59":0,"60":0,"61":0,"62":0,"63":1,"64":1,"65":1,"66":1,"67":2,"68":2,"69":1,"70":1,"71":1,"72":1,"73":0,"74":0,"75":0,"76":0,"77":0,"78":0,"79":0,"80":0,"81":0,"82":0},"f":{"0":6,"1":4,"2":0,"3":3,"4":2,"5":4,"6":1,"7":1,"8":1,"9":0,"10":0,"11":0,"12":0,"13":0,"14":0},"b":{"0":[0,6],"1":[6,6],"2":[0,0],"3":[0,0],"4":[0,0,0,0,0],"5":[1,1],"6":[1,1],"7":[1,1],"8":[1,3],"9":[1,0],"10":[1,0]},"_coverageSchema":"332fd63041d2c1bcb487cc26dd0d5f7d97098a6c","hash":"e771a366a5bc38de0c8deafe4e1f405ee70da2b6"}
,"C:\\WWWR00T\\test\\bootstrap\\bootstrap-frontend-vue-auth\\src\\views\\about.vue": {"path":"C:\\WWWR00T\\test\\bootstrap\\bootstrap-frontend-vue-auth\\src\\views\\about.vue","statementMap":{"0":{"start":{"line":37,"column":0},"end":{"line":null,"column":-1}},"1":{"start":{"line":38,"column":0},"end":{"line":null,"column":-1}},"2":{"start":{"line":39,"column":0},"end":{"line":null,"column":-1}},"3":{"start":{"line":44,"column":0},"end":{"line":null,"column":-1}}},"fnMap":{"0":{"name":"data","decl":{"start":{"line":43,"column":0},"end":{"line":null,"column":-1}},"loc":{"start":{"line":43,"column":0},"end":{"line":47,"column":0}}}},"branchMap":{},"s":{"0":9,"1":9,"2":9,"3":1},"f":{"0":1},"b":{}}
,"C:\\WWWR00T\\test\\bootstrap\\bootstrap-frontend-vue-auth\\src\\views\\change-password.vue": {"path":"C:\\WWWR00T\\test\\bootstrap\\bootstrap-frontend-vue-auth\\src\\views\\change-password.vue","statementMap":{"0":{"start":{"line":56,"column":0},"end":{"line":null,"column":-1}},"1":{"start":{"line":57,"column":0},"end":{"line":null,"column":-1}},"2":{"start":{"line":58,"column":0},"end":{"line":null,"column":-1}},"3":{"start":{"line":59,"column":0},"end":{"line":null,"column":-1}},"4":{"start":{"line":60,"column":0},"end":{"line":null,"column":-1}},"5":{"start":{"line":61,"column":0},"end":{"line":null,"column":-1}},"6":{"start":{"line":62,"column":0},"end":{"line":null,"column":-1}},"7":{"start":{"line":66,"column":0},"end":{"line":null,"column":-1}},"8":{"start":{"line":67,"column":0},"end":{"line":null,"column":-1}},"9":{"start":{"line":85,"column":0},"end":{"line":null,"column":-1}},"10":{"start":{"line":91,"column":0},"end":{"line":null,"column":-1}},"11":{"start":{"line":92,"column":0},"end":{"line":null,"column":-1}},"12":{"start":{"line":93,"column":0},"end":{"line":95,"column":0}},"13":{"start":{"line":94,"column":0},"end":{"line":null,"column":-1}},"14":{"start":{"line":97,"column":0},"end":{"line":null,"column":-1}},"15":{"start":{"line":98,"column":0},"end":{"line":null,"column":-1}},"16":{"start":{"line":100,"column":0},"end":{"line":null,"column":-1}},"17":{"start":{"line":105,"column":0},"end":{"line":null,"column":-1}},"18":{"start":{"line":97,"column":0},"end":{"line":109,"column":0}},"19":{"start":{"line":114,"column":0},"end":{"line":null,"column":-1}},"20":{"start":{"line":115,"column":0},"end":{"line":null,"column":-1}},"21":{"start":{"line":117,"column":0},"end":{"line":null,"column":-1}},"22":{"start":{"line":121,"column":0},"end":{"line":null,"column":-1}},"23":{"start":{"line":124,"column":0},"end":{"line":133,"column":0}},"24":{"start":{"line":125,"column":0},"end":{"line":null,"column":-1}},"25":{"start":{"line":127,"column":0},"end":{"line":128,"column":0}},"26":{"start":{"line":137,"column":0},"end":{"line":145,"column":0}},"27":{"start":{"line":138,"column":0},"end":{"line":144,"column":0}},"28":{"start":{"line":140,"column":0},"end":{"line":null,"column":-1}},"29":{"start":{"line":143,"column":0},"end":{"line":null,"column":-1}}},"fnMap":{"0":{"name":"data","decl":{"start":{"line":66,"column":0},"end":{"line":null,"column":-1}},"loc":{"start":{"line":66,"column":0},"end":{"line":89,"column":0}}},"1":{"name":"(anonymous_13)","decl":{"start":{"line":83,"column":0},"end":{"line":null,"column":-1}},"loc":{"start":{"line":83,"column":0},"end":{"line":85,"column":0}}},"2":{"name":"changePassword","decl":{"start":{"line":91,"column":0},"end":{"line":null,"column":-1}},"loc":{"start":{"line":91,"column":0},"end":{"line":96,"column":0}}},"3":{"name":"(anonymous_15)","decl":{"start":{"line":93,"column":0},"end":{"line":null,"column":-1}},"loc":{"start":{"line":93,"column":0},"end":{"line":95,"column":0}}},"4":{"name":"(anonymous_16)","decl":{"start":{"line":97,"column":0},"end":{"line":null,"column":-1}},"loc":{"start":{"line":97,"column":0},"end":{"line":null,"column":-1}}},"5":{"name":"clearErrors","decl":{"start":{"line":120,"column":0},"end":{"line":null,"column":-1}},"loc":{"start":{"line":120,"column":0},"end":{"line":122,"column":0}}},"6":{"name":"gatherErrors","decl":{"start":{"line":123,"column":0},"end":{"line":null,"column":-1}},"loc":{"start":{"line":123,"column":0},"end":{"line":134,"column":0}}},"7":{"name":"errors","decl":{"start":{"line":136,"column":0},"end":{"line":null,"column":-1}},"loc":{"start":{"line":136,"column":0},"end":{"line":146,"column":0}}},"8":{"name":"(anonymous_23)","decl":{"start":{"line":138,"column":0},"end":{"line":null,"column":-1}},"loc":{"start":{"line":138,"column":0},"end":{"line":141,"column":0}}},"9":{"name":"(anonymous_24)","decl":{"start":{"line":141,"column":0},"end":{"line":null,"column":-1}},"loc":{"start":{"line":141,"column":0},"end":{"line":144,"column":0}}}},"branchMap":{"0":{"loc":{"start":{"line":85,"column":0},"end":{"line":null,"column":-1}},"type":"binary-expr","locations":[{"start":{"line":85,"column":0},"end":{"line":null,"column":-1}},{"start":{"line":85,"column":0},"end":{"line":null,"column":-1}}]},"1":{"loc":{"start":{"line":97,"column":0},"end":{"line":null,"column":-1}},"type":"switch","locations":[{"start":{"line":97,"column":0},"end":{"line":null,"column":-1}},{"start":{"line":97,"column":0},"end":{"line":null,"column":-1}},{"start":{"line":97,"column":0},"end":{"line":105,"column":0}},{"start":{"line":97,"column":0},"end":{"line":109,"column":0}},{"start":{"line":97,"column":0},"end":{"line":null,"column":-1}},{"start":{"line":97,"column":0},"end":{"line":117,"column":0}},{"start":{"line":97,"column":0},"end":{"line":null,"column":-1}},{"start":{"line":97,"column":0},"end":{"line":null,"column":-1}}]},"2":{"loc":{"start":{"line":97,"column":0},"end":{"line":null,"column":-1}},"type":"if","locations":[{"start":{"line":97,"column":0},"end":{"line":null,"column":-1}},{"start":{"line":97,"column":0},"end":{"line":null,"column":-1}}]},"3":{"loc":{"start":{"line":124,"column":0},"end":{"line":133,
[...]
:0},"end":{"line":102,"column":0}}},"6":{"name":"gatherErrors","decl":{"start":{"line":103,"column":0},"end":{"line":null,"column":-1}},"loc":{"start":{"line":103,"column":0},"end":{"line":123,"column":0}}},"7":{"name":"focusPassword","decl":{"start":{"line":124,"column":0},"end":{"line":null,"column":-1}},"loc":{"start":{"line":124,"column":0},"end":{"line":126,"column":0}}},"8":{"name":"register","decl":{"start":{"line":127,"column":0},"end":{"line":null,"column":-1}},"loc":{"start":{"line":127,"column":0},"end":{"line":145,"column":0}}},"9":{"name":"(anonymous_11)","decl":{"start":{"line":133,"column":0},"end":{"line":null,"column":-1}},"loc":{"start":{"line":133,"column":0},"end":{"line":141,"column":0}}},"10":{"name":"(anonymous_12)","decl":{"start":{"line":141,"column":0},"end":{"line":null,"column":-1}},"loc":{"start":{"line":141,"column":0},"end":{"line":144,"column":0}}}},"branchMap":{"0":{"loc":{"start":{"line":83,"column":0},"end":{"line":null,"column":-1}},"type":"binary-expr","locations":[{"start":{"line":83,"column":0},"end":{"line":null,"column":-1}},{"start":{"line":83,"column":0},"end":{"line":null,"column":-1}}]},"1":{"loc":{"start":{"line":90,"column":0},"end":{"line":98,"column":0}},"type":"if","locations":[{"start":{"line":90,"column":0},"end":{"line":98,"column":0}},{"start":{"line":90,"column":0},"end":{"line":98,"column":0}}]},"2":{"loc":{"start":{"line":96,"column":0},"end":{"line":null,"column":-1}},"type":"binary-expr","locations":[{"start":{"line":96,"column":0},"end":{"line":null,"column":-1}},{"start":{"line":96,"column":0},"end":{"line":null,"column":-1}}]},"3":{"loc":{"start":{"line":104,"column":0},"end":{"line":122,"column":0}},"type":"if","locations":[{"start":{"line":104,"column":0},"end":{"line":122,"column":0}},{"start":{"line":104,"column":0},"end":{"line":122,"column":0}}]},"4":{"loc":{"start":{"line":104,"column":0},"end":{"line":null,"column":-1}},"type":"binary-expr","locations":[{"start":{"line":104,"column":0},"end":{"line":null,"column":-1}},{"start":{"line":104,"column":0},"end":{"line":null,"column":-1}}]},"5":{"loc":{"start":{"line":105,"column":0},"end":{"line":114,"column":0}},"type":"if","locations":[{"start":{"line":105,"column":0},"end":{"line":114,"column":0}},{"start":{"line":105,"column":0},"end":{"line":114,"column":0}}]},"6":{"loc":{"start":{"line":105,"column":0},"end":{"line":null,"column":-1}},"type":"binary-expr","locations":[{"start":{"line":105,"column":0},"end":{"line":null,"column":-1}},{"start":{"line":105,"column":0},"end":{"line":null,"column":-1}}]},"7":{"loc":{"start":{"line":130,"column":0},"end":{"line":132,"column":0}},"type":"if","locations":[{"start":{"line":130,"column":0},"end":{"line":132,"column":0}},{"start":{"line":130,"column":0},"end":{"line":132,"column":0}}]}},"s":{"0":8,"1":8,"2":8,"3":8,"4":8,"5":8,"6":8,"7":0,"8":0,"9":0,"10":0,"11":0,"12":0,"13":0,"14":0,"15":0,"16":0,"17":0,"18":0,"19":0,"20":0,"21":0,"22":0,"23":0,"24":0,"25":0,"26":0,"27":0,"28":0},"f":{"0":0,"1":0,"2":0,"3":0,"4":0,"5":0,"6":0,"7":0,"8":0,"9":0,"10":0},"b":{"0":[0,0],"1":[0,0],"2":[0,0],"3":[0,0],"4":[0,0],"5":[0,0],"6":[0,0],"7":[0,0]}}
,"C:\\WWWR00T\\test\\bootstrap\\bootstrap-frontend-vue-auth\\src\\views\\reset-password.vue": {"path":"C:\\WWWR00T\\test\\bootstrap\\bootstrap-frontend-vue-auth\\src\\views\\reset-password.vue","statementMap":{"0":{"start":{"line":46,"column":0},"end":{"line":null,"column":-1}},"1":{"start":{"line":47,"column":0},"end":{"line":null,"column":-1}},"2":{"start":{"line":48,"column":0},"end":{"line":null,"column":-1}},"3":{"start":{"line":49,"column":0},"end":{"line":null,"column":-1}},"4":{"start":{"line":50,"column":0},"end":{"line":null,"column":-1}},"5":{"start":{"line":51,"column":0},"end":{"line":null,"column":-1}},"6":{"start":{"line":52,"column":0},"end":{"line":null,"column":-1}},"7":{"start":{"line":56,"column":0},"end":{"line":null,"column":-1}},"8":{"start":{"line":57,"column":0},"end":{"line":null,"column":-1}},"9":{"start":{"line":71,"column":0},"end":{"line":null,"column":-1}},"10":{"start":{"line":77,"column":0},"end":{"line":null,"column":-1}},"11":{"start":{"line":78,"column":0},"end":{"line":null,"column":-1}},"12":{"start":{"line":79,"column":0},"end":{"line":81,"column":0}},"13":{"start":{"line":80,"column":0},"end":{"line":null,"column":-1}},"14":{"start":{"line":83,"column":0},"end":{"line":null,"column":-1}},"15":{"start":{"line":85,"column":0},"end":{"line":null,"column":-1}},"16":{"start":{"line":90,"column":0},"end":{"line":null,"column":-1}},"17":{"start":{"line":83,"column":0},"end":{"line":94,"column":0}},"18":{"start":{"line":98,"column":0},"end":{"line":null,"column":-1}},"19":{"start":{"line":99,"column":0},"end":{"line":null,"column":-1}},"20":{"start":{"line":101,"column":0},"end":{"line":null,"column":-1}},"21":{"start":{"line":105,"column":0},"end":{"line":null,"column":-1}},"22":{"start":{"line":108,"column":0},"end":{"line":117,"column":0}},"23":{"start":{"line":109,"column":0},"end":{"line":null,"column":-1}},"24":{"start":{"line":111,"column":0},"end":{"line":112,"column":0}},"25":{"start":{"line":121,"column":0},"end":{"line":129,"column":0}},"26":{"start":{"line":122,"column":0},"end":{"line":128,"column":0}},"27":{"start":{"line":124,"column":0},"end":{"line":null,"column":-1}},"28":{"start":{"line":127,"column":0},"end":{"line":null,"column":-1}}},"fnMap":{"0":{"name":"data","decl":{"start":{"line":56,"column":0},"end":{"line":null,"column":-1}},"loc":{"start":{"line":56,"column":0},"end":{"line":75,"column":0}}},"1":{"name":"(anonymous_13)","decl":{"start":{"line":69,"column":0},"end":{"line":null,"column":-1}},"loc":{"start":{"line":69,"column":0},"end":{"line":71,"column":0}}},"2":{"name":"resetPassword","decl":{"start":{"line":77,"column":0},"end":{"line":null,"column":-1}},"loc":{"start":{"line":77,"column":0},"end":{"line":82,"column":0}}},"3":{"name":"(anonymous_15)","decl":{"start":{"line":79,"column":0},"end":{"line":null,"column":-1}},"loc":{"start":{"line":79,"column":0},"end":{"line":81,"column":0}}},"4":{"name":"(anonymous_16)","decl":{"start":{"line":83,"column":0},"end":{"line":null,"column":-1}},"loc":{"start":{"line":83,"column":0},"end":{"line":null,"column":-1}}},"5":{"name":"clearErrors","decl":{"start":{"line":104,"column":0},"end":{"line":null,"column":-1}},"loc":{"start":{"line":104,"column":0},"end":{"line":106,"column":0}}},"6":{"name":"gatherErrors","decl":{"start":{"line":107,"column":0},"end":{"line":null,"column":-1}},"loc":{"start":{"line":107,"column":0},"end":{"line":118,"column":0}}},"7":{"name":"errors","decl":{"start":{"line":120,"column":0},"end":{"line":null,"column":-1}},"loc":{"start":{"line":120,"column":0},"end":{"line":130,"column":0}}},"8":{"name":"(anonymous_23)","decl":{"start":{"line":122,"column":0},"end":{"line":null,"column":-1}},"loc":{"start":{"line":122,"column":0},"end":{"line":125,"column":0}}},"9":{"name":"(anonymous_24)","decl":{"start":{"line":125,"column":0},"end":{"line":null,"column":-1}},"loc":{"start":{"line":125,"column":0},"end":{"line":128,"column":0}}}},"branchMap":{"0":{"loc":{"start":{"line":71,"column":0},"end":{"line":null,"column":-1}},"type":"binary-expr","locations":[{"start":{"line":71,"column":0},"end":{"line":null,"column":-1}},{"start":{"line":71,"column":0},"end":{"line":null,"column":-1}}]},"1":{"loc":{"start":{"line":83,"column":0},"end":{"line":null,"column":-1}},"type":"switch","locations":[{"start":{"line":83,"column":0},"end":{"line":null,"column":-1}},{"start":{"line":83,"column":0},"end":{"line":null,"column":-1}},{"start":{"line":83,"column":0},"end":{"line":90,"column":0}},{"start":{"line":83,"column":0},"end":{"line":94,"column":0}},{"start":{"line":83,"column":0},"end":{"line":null,"column":-1}},{"start":{"line":83,"column":0},"end":{"line":101,"column":0}},{"start":{"line":83,"column":0},"end":{"line":null,"column":-1}},{"start":{"line":83,"column":0},"end":{"line":null,"column":-1}}]},"2":{"loc":{"start":{"line":83,"column":0},"end":{"line":null,"column":-1}},"type":"if","locations":[{"start":{"line":83,"column":0},"end":{"line":null,"column":-1}},{"start":{"line":83,"column":0},"end":{"line":null,"column":-1}}]},"3":{"loc":{"start":{"line":108,"column":0},"end":{"line":117,"column":0}},"type":"if","locations":[{"start":{"line":108,"column":0},"end":{"line":117,"column":0}},{"start":{"line":108,"column":0},"end":{"line":117,"column":0}}]},"4":{"loc":{"start":{"line":121,"column":0},"end":{"line":129,"column":0}},"type":"if","locations":[{"start":{"line":121,"column":0},"end":{"line":129,"column":0}},{"start":{"line":121,"column":0},"end":{"line":129,"column":0}}]},"5":{"loc":{"start":{"line":127,"column":0},"end":{"line":null,"column":-1}},"type":"binary-expr","locations":[{"start":{"line":127,"column":0},"end":{"line":null,"column":-1}},{"start":{"line":127,"column":0},"end":{"line":null,"column":-1}}]}},"s":{"0":8,"1":8,"2":8,"3":8,"4":8,"5":8,"6":8,"7":1,"8":1,"9":0,"10":3,"11":3,"12":3,"13":3,"14":65,"15":3,"16":3,"17":3,"18":1,"19":1,"20":2,"21":3,"22":2,"23":1,"24":1,"25":18,"26":18,"27":6,"28":3},"f":{"0":1,"1":0,"2":3,"3":3,"4":23,"5":3,"6":2,"7":18,"8":6,"9":3},"b":{"0":[0,0],"1":[3,0,3,3,1,2,3,3],"2":[0,0],"3":[1,1],"4":[18,0],"5":[3,2]}}
,"C:\\WWWR00T\\test\\bootstrap\\bootstrap-frontend-vue-auth\\src\\views\\root.vue": {"path":"C:\\WWWR00T\\test\\bootstrap\\bootstrap-frontend-vue-auth\\src\\views\\root.vue","statementMap":{"0":{"start":{"line":42,"column":0},"end":{"line":null,"column":-1}},"1":{"start":{"line":43,"column":0},"end":{"line":null,"column":-1}},"2":{"start":{"line":47,"column":0},"end":{"line":null,"column":-1}},"3":{"start":{"line":53,"column":0},"end":{"line":null,"column":-1}}},"fnMap":{"0":{"name":"data","decl":{"start":{"line":46,"column":0},"end":{"line":null,"column":-1}},"loc":{"start":{"line":46,"column":0},"end":{"line":51,"column":0}}},"1":{"name":"mounted","decl":{"start":{"line":52,"column":0},"end":{"line":null,"column":-1}},"loc":{"start":{"line":52,"column":0},"end":{"line":54,"column":0}}}},"branchMap":{},"s":{"0":8,"1":8,"2":1,"3":1},"f":{"0":1,"1":1},"b":{}}
,"C:\\WWWR00T\\test\\bootstrap\\bootstrap-frontend-vue-auth\\tests\\unit\\setup.js": {"path":"C:\\WWWR00T\\test\\bootstrap\\bootstrap-frontend-vue-auth\\tests\\unit\\setup.js","statementMap":{"0":{"start":{"line":8,"column":0},"end":{"line":8,"column":16}},"1":{"start":{"line":9,"column":0},"end":{"line":9,"column":20}},"2":{"start":{"line":11,"column":0},"end":{"line":11,"column":45}},"3":{"start":{"line":12,"column":0},"end":{"line":12,"column":32}},"4":{"start":{"line":13,"column":0},"end":{"line":13,"column":32}}},"fnMap":{"0":{"name":"(anonymous_0)","decl":{"start":{"line":11,"column":31},"end":{"line":11,"column":32}},"loc":{"start":{"line":11,"column":43},"end":{"line":11,"column":45}},"line":11},"1":{"name":"(anonymous_1)","decl":{"start":{"line":12,"column":18},"end":{"line":12,"column":19}},"loc":{"start":{"line":12,"column":30},"end":{"line":12,"column":32}},"line":12}},"branchMap":{},"s":{"0":26,"1":26,"2":26,"3":26,"4":26},"f":{"0":2,"1":8},"b":{},"_coverageSchema":"332fd63041d2c1bcb487cc26dd0d5f7d97098a6c","hash":"75ab59780b392e1e06a5959d7f56a4d42648635b"}
,"C:\\WWWR00T\\test\\bootstrap\\bootstrap-frontend-vue-auth\\tests\\unit\\mocks\\axios.mock.js": {"path":"C:\\WWWR00T\\test\\bootstrap\\bootstrap-frontend-vue-auth\\tests\\unit\\mocks\\axios.mock.js","statementMap":{"0":{"start":{"line":6,"column":18},"end":{"line":19,"column":1}},"1":{"start":{"line":7,"column":2},"end":{"line":18,"column":4}},"2":{"start":{"line":8,"column":4},"end":{"line":17,"column":8}},"3":{"start":{"line":10,"column":8},"end":{"line":10,"column":48}},"4":{"start":{"line":11,"column":8},"end":{"line":11,"column":32}},"5":{"start":{"line":14,"column":8},"end":{"line":14,"column":47}},"6":{"start":{"line":15,"column":8},"end":{"line":15,"column":30}},"7":{"start":{"line":16,"column":8},"end":{"line":16,"column":28}},"8":{"start":{"line":21,"column":0},"end":{"line":27,"column":1}},"9":{"start":{"line":23,"column":2},"end":{"line":26,"column":4}},"10":{"start":{"line":29,"column":0},"end":{"line":37,"column":1}},"11":{"start":{"line":31,"column":2},"end":{"line":36,"column":4}},"12":{"start":{"line":39,"column":0},"end":{"line":43,"column":1}},"13":{"start":{"line":40,"column":2},"end":{"line":42,"column":9}},"14":{"start":{"line":45,"column":0},"end":{"line":45,"column":48}},"15":{"start":{"line":47,"column":0},"end":{"line":53,"column":1}}},"fnMap":{"0":{"name":"(anonymous_0)","decl":{"start":{"line":6,"column":18},"end":{"line":6,"column":19}},"loc":{"start":{"line":6,"column":37},"end":{"line":19,"column":1}},"line":6},"1":{"name":"(anonymous_1)","decl":{"start":{"line":7,"column":21},"end":{"line":7,"column":22}},"loc":{"start":{"line":7,"column":42},"end":{"line":18,"column":3}},"line":7},"2":{"name":"(anonymous_2)","decl":{"start":{"line":9,"column":12},"end":{"line":9,"column":13}},"loc":{"start":{"line":9,"column":24},"end":{"line":12,"column":7}},"line":9},"3":{"name":"(anonymous_3)","decl":{"start":{"line":13,"column":13},"end":{"line":13,"column":14}},"loc":{"start":{"line":13,"column":22},"end":{"line":17,"column":7}},"line":13},"4":{"name":"(anonymous_4)","decl":{"start":{"line":21,"column":20},"end":{"line":21,"column":21}},"loc":{"start":{"line":21,"column":50},"end":{"line":27,"column":1}},"line":21},"5":{"name":"(anonymous_5)","decl":{"start":{"line":29,"column":18},"end":{"line":29,"column":19}},"loc":{"start":{"line":29,"column":48},"end":{"line":37,"column":1}},"line":29},"6":{"name":"(anonymous_6)","decl":{"start":{"line":39,"column":29},"end":{"line":39,"column":30}},"loc":{"start":{"line":39,"column":41},"end":{"line":43,"column":1}},"line":39}},"branchMap":{"0":{"loc":{"start":{"line":10,"column":26},"end":{"line":10,"column":48}},"type":"binary-expr","locations":[{"start":{"line":10,"column":26},"end":{"line":10,"column":41}},{"start":{"line":10,"column":45},"end":{"line":10,"column":48}}],"line":10},"1":{"loc":{"start":{"line":14,"column":26},"end":{"line":14,"column":47}},"type":"binary-expr","locations":[{"start":{"line":14,"column":26},"end":{"line":14,"column":41}},{"start":{"line":14,"column":45},"end":{"line":14,"column":47}}],"line":14},"2":{"loc":{"start":{"line":21,"column":36},"end":{"line":21,"column":48}},"type":"default-arg","locations":[{"start":{"line":21,"column":45},"end":{"line":21,"column":48}}],"line":21},"3":{"loc":{"start":{"line":29,"column":34},"end":{"line":29,"column":46}},"type":"default-arg","locations":[{"start":{"line":29,"column":43},"end":{"line":29,"column":46}}],"line":29}},"s":{"0":26,"1":37,"2":37,"3":15,"4":15,"5":20,"6":20,"7":20,"8":26,"9":10,"10":26,"11":10,"12":26,"13":0,"14":26,"15":26},"f":{"0":37,"1":37,"2":15,"3":20,"4":10,"5":10,"6":0},"b":{"0":[15,0],"1":[20,19],"2":[10],"3":[0]},"_coverageSchema":"332fd63041d2c1bcb487cc26dd0d5f7d97098a6c","hash":"054e03b3d7118f356380a01b0a17d1e7409dfdd0"}
,"C:\\WWWR00T\\test\\bootstrap\\bootstrap-frontend-vue-auth\\tests\\unit\\mocks\\local-storage.mock.js": {"path":"C:\\WWWR00T\\test\\bootstrap\\bootstrap-frontend-vue-auth\\tests\\unit\\mocks\\local-storage.mock.js","statementMap":{"0":{"start":{"line":1,"column":23},"end":{"line":21,"column":4}},"1":{"start":{"line":2,"column":14},"end":{"line":2,"column":16}},"2":{"start":{"line":3,"column":2},"end":{"line":20,"column":3}},"3":{"start":{"line":5,"column":6},"end":{"line":5,"column":23}},"4":{"start":{"line":8,"column":6},"end":{"line":12,"column":7}},"5":{"start":{"line":9,"column":8},"end":{"line":9,"column":25}},"6":{"start":{"line":11,"column":8},"end":{"line":11,"column":37}},"7":{"start":{"line":15,"column":6},"end":{"line":15,"column":16}},"8":{"start":{"line":18,"column":6},"end":{"line":18,"column":23}},"9":{"start":{"line":22,"column":0},"end":{"line":22,"column":74}}},"fnMap":{"0":{"name":"(anonymous_0)","decl":{"start":{"line":1,"column":24},"end":{"line":1,"column":25}},"loc":{"start":{"line":1,"column":36},"end":{"line":21,"column":1}},"line":1},"1":{"name":"(anonymous_1)","decl":{"start":{"line":4,"column":13},"end":{"line":4,"column":14}},"loc":{"start":{"line":4,"column":28},"end":{"line":6,"column":5}},"line":4},"2":{"name":"(anonymous_2)","decl":{"start":{"line":7,"column":13},"end":{"line":7,"column":14}},"loc":{"start":{"line":7,"column":35},"end":{"line":13,"column":5}},"line":7},"3":{"name":"(anonymous_3)","decl":{"start":{"line":14,"column":11},"end":{"line":14,"column":12}},"loc":{"start":{"line":14,"column":23},"end":{"line":16,"column":5}},"line":14},"4":{"name":"(anonymous_4)","decl":{"start":{"line":17,"column":16},"end":{"line":17,"column":17}},"loc":{"start":{"line":17,"column":31},"end":{"line":19,"column":5}},"line":17}},"branchMap":{"0":{"loc":{"start":{"line":8,"column":6},"end":{"line":12,"column":7}},"type":"if","locations":[{"start":{"line":8,"column":6},"end":{"line":12,"column":7}},{"start":{"line":8,"column":6},"end":{"line":12,"column":7}}],"line":8},"1":{"loc":{"start":{"line":8,"column":10},"end":{"line":8,"column":56}},"type":"binary-expr","locations":[{"start":{"line":8,"column":10},"end":{"line":8,"column":24}},{"start":{"line":8,"column":28},"end":{"line":8,"column":56}}],"line":8}},"s":{"0":26,"1":26,"2":26,"3":65,"4":46,"5":0,"6":46,"7":1,"8":6,"9":26},"f":{"0":26,"1":65,"2":46,"3":1,"4":6},"b":{"0":[0,46],"1":[46,46]},"_coverageSchema":"332fd63041d2c1bcb487cc26dd0d5f7d97098a6c","hash":"76642bd3045dffc3dcba5e8c27fc0fce0479f667"}
,"C:\\WWWR00T\\test\\bootstrap\\bootstrap-frontend-vue-auth\\tests\\unit\\mocks\\session-storage.mock.js": {"path":"C:\\WWWR00T\\test\\bootstrap\\bootstrap-frontend-vue-auth\\tests\\unit\\mocks\\session-storage.mock.js","statementMap":{"0":{"start":{"line":1,"column":25},"end":{"line":21,"column":4}},"1":{"start":{"line":2,"column":14},"end":{"line":2,"column":16}},"2":{"start":{"line":3,"column":2},"end":{"line":20,"column":3}},"3":{"start":{"line":5,"column":6},"end":{"line":5,"column":23}},"4":{"start":{"line":8,"column":6},"end":{"line":12,"column":7}},"5":{"start":{"line":9,"column":8},"end":{"line":9,"column":25}},"6":{"start":{"line":11,"column":8},"end":{"line":11,"column":37}},"7":{"start":{"line":15,"column":6},"end":{"line":15,"column":16}},"8":{"start":{"line":18,"column":6},"end":{"line":18,"column":23}},"9":{"start":{"line":22,"column":0},"end":{"line":22,"column":78}}},"fnMap":{"0":{"name":"(anonymous_0)","decl":{"start":{"line":1,"column":26},"end":{"line":1,"column":27}},"loc":{"start":{"line":1,"column":38},"end":{"line":21,"column":1}},"line":1},"1":{"name":"(anonymous_1)","decl":{"start":{"line":4,"column":13},"end":{"line":4,"column":14}},"loc":{"start":{"line":4,"column":28},"end":{"line":6,"column":5}},"line":4},"2":{"name":"(anonymous_2)","decl":{"start":{"line":7,"column":13},"end":{"line":7,"column":14}},"loc":{"start":{"line":7,"column":35},"end":{"line":13,"column":5}},"line":7},"3":{"name":"(anonymous_3)","decl":{"start":{"line":14,"column":11},"end":{"line":14,"column":12}},"loc":{"start":{"line":14,"column":23},"end":{"line":16,"column":5}},"line":14},"4":{"name":"(anonymous_4)","decl":{"start":{"line":17,"column":16},"end":{"line":17,"column":17}},"loc":{"start":{"line":17,"column":31},"end":{"line":19,"column":5}},"line":17}},"branchMap":{"0":{"loc":{"start":{"line":8,"column":6},"end":{"line":12,"column":7}},"type":"if","locations":[{"start":{"line":8,"column":6},"end":{"line":12,"column":7}},{"start":{"line":8,"column":6},"end":{"line":12,"column":7}}],"line":8},"1":{"loc":{"start":{"line":8,"column":10},"end":{"line":8,"column":56}},"type":"binary-expr","locations":[{"start":{"line":8,"column":10},"end":{"line":8,"column":24}},{"start":{"line":8,"column":28},"end":{"line":8,"column":56}}],"line":8}},"s":{"0":1,"1":1,"2":1,"3":20,"4":5,"5":0,"6":5,"7":1,"8":2,"9":1},"f":{"0":1,"1":20,"2":5,"3":1,"4":2},"b":{"0":[0,5],"1":[5,5]},"_coverageSchema":"332fd63041d2c1bcb487cc26dd0d5f7d97098a6c","hash":"45f7746dcf8f7716cb0a4b53a5d42e38e4b4c873"}
}
