TN:
SF:C:\WWWR00T\test\bootstrap\bootstrap-frontend-vue-auth\src\App.vue
FN:50,data
FN:61,created
FN:64,(anonymous_8)
FN:65,(anonymous_9)
FN:67,(anonymous_10)
FN:68,(anonymous_11)
FN:69,(anonymous_12)
FN:73,mounted
FN:77,$route
FN:82,profile
FN:91,updatePath
FN:99,(anonymous_17)
FN:114,routePath
FN:117,raiseMessage
FN:122,raiseError
FN:127,startSpinner
FN:130,stopSpinner
FN:133,timedOut
FN:137,messageAction
FN:140,errorAction
FN:143,waitAction
FNF:21
FNH:20
FNDA:7,data
FNDA:7,created
FNDA:8,(anonymous_8)
FNDA:8,(anonymous_9)
FNDA:9,(anonymous_10)
FNDA:7,(anonymous_11)
FNDA:5,(anonymous_12)
FNDA:7,mounted
FNDA:0,$route
FNDA:7,profile
FNDA:13,updatePath
FNDA:25,(anonymous_17)
FNDA:8,routePath
FNDA:7,raiseMessage
FNDA:8,raiseError
FNDA:8,startSpinner
FNDA:6,stopSpinner
FNDA:1,timedOut
FNDA:1,messageAction
FNDA:1,errorAction
FNDA:1,waitAction
DA:35,2
DA:36,2
DA:37,2
DA:38,2
DA:39,2
DA:40,2
DA:41,2
DA:42,2
DA:44,2
DA:45,2
DA:46,2
DA:51,7
DA:61,7
DA:62,7
DA:64,15
DA:65,15
DA:67,16
DA:68,14
DA:69,7
DA:70,5
DA:74,7
DA:78,0
DA:83,7
DA:92,13
DA:96,13
DA:97,6
DA:99,13
DA:100,25
DA:101,11
DA:105,25
DA:106,11
DA:108,25
DA:111,25
DA:115,8
DA:118,7
DA:119,7
DA:120,7
DA:123,8
DA:124,8
DA:125,8
DA:128,8
DA:131,6
DA:134,1
DA:135,1
DA:138,1
DA:141,1
DA:144,1
LF:47
LH:46
BRDA:83,0,0,0
BRDA:83,0,1,7
BRDA:96,1,0,6
BRDA:96,1,1,7
BRDA:100,2,0,11
BRDA:100,2,1,14
BRDA:105,3,0,11
BRDA:105,3,1,14
BRDA:105,4,0,25
BRDA:105,4,1,11
BRF:10
BRH:9
end_of_record
TN:
SF:C:\WWWR00T\test\bootstrap\bootstrap-frontend-vue-auth\src\initialization.js
FNF:0
FNH:0
DA:9,1
DA:10,1
DA:11,1
LF:3
LH:3
BRF:0
BRH:0
end_of_record
TN:
SF:C:\WWWR00T\test\bootstrap\bootstrap-frontend-vue-auth\src\api\index.js
FN:18,(anonymous_0)
FN:23,(anonymous_1)
FN:28,(anonymous_2)
FN:32,(anonymous_3)
FN:37,(anonymous_4)
FN:42,(anonymous_5)
FN:46,(anonymous_6)
FN:50,(anonymous_7)
FN:54,(anonymous_8)
FN:71,(anonymous_9)
FN:98,(anonymous_10)
FN:99,(anonymous_11)
FN:107,(anonymous_12)
FN:111,(anonymous_13)
FN:131,(anonymous_14)
FN:136,(anonymous_15)
FN:140,(anonymous_16)
FN:145,(anonymous_17)
FN:158,(anonymous_18)
FN:166,(anonymous_19)
FN:175,(anonymous_20)
FN:184,(anonymous_21)
FNF:22
FNH:22
FNDA:9,(anonymous_0)
FNDA:5,(anonymous_1)
FNDA:5,(anonymous_2)
FNDA:20,(anonymous_3)
FNDA:12,(anonymous_4)
FNDA:18,(anonymous_5)
FNDA:9,(anonymous_6)
FNDA:2,(anonymous_7)
FNDA:15,(anonymous_8)
FNDA:19,(anonymous_9)
FNDA:32,(anonymous_10)
FNDA:32,(anonymous_11)
FNDA:12,(anonymous_12)
FNDA:20,(anonymous_13)
FNDA:2,(anonymous_14)
FNDA:1,(anonymous_15)
FNDA:1,(anonymous_16)
FNDA:1,(anonymous_17)
FNDA:13,(anonymous_18)
FNDA:17,(anonymous_19)
FNDA:1,(anonymous_20)
FNDA:1,(anonymous_21)
DA:6,26
DA:18,26
DA:19,9
DA:20,9
DA:23,26
DA:24,5
DA:25,5
DA:28,26
DA:29,5
DA:32,26
DA:33,20
DA:34,20
DA:37,26
DA:38,12
DA:39,12
DA:42,26
DA:43,18
DA:46,26
DA:47,9
DA:50,26
DA:51,2
DA:54,26
DA:55,15
DA:56,15
DA:57,15
DA:58,15
DA:59,15
DA:60,13
DA:61,13
DA:63,15
DA:64,4
DA:65,4
DA:66,4
DA:71,26
DA:72,19
DA:73,19
DA:74,0
DA:76,19
DA:77,19
DA:78,19
DA:79,16
DA:80,16
DA:82,16
DA:83,3
DA:84,1
DA:85,1
DA:87,19
DA:88,19
DA:89,19
DA:91,19
DA:92,3
DA:93,3
DA:94,3
DA:98,26
DA:99,32
DA:100,32
DA:101,32
DA:102,32
DA:103,32
DA:104,32
DA:105,32
DA:106,32
DA:108,12
DA:109,12
DA:112,20
DA:113,20
DA:122,3
DA:123,3
DA:124,3
DA:132,2
DA:134,2
DA:135,2
DA:137,1
DA:138,1
DA:141,1
DA:142,1
DA:147,1
DA:148,1
DA:151,17
DA:152,17
DA:158,26
DA:159,13
DA:163,13
DA:166,26
DA:167,17
DA:172,17
DA:175,26
DA:176,1
DA:181,1
DA:184,26
DA:185,1
DA:190,1
LF:92
LH:91
BRDA:58,0,0,15
BRDA:58,0,1,0
BRDA:59,1,0,13
BRDA:59,1,1,2
BRDA:63,2,0,4
BRDA:63,2,1,11
BRDA:72,3,0,19
BRDA:72,3,1,17
BRDA:73,4,0,0
BRDA:73,4,1,19
BRDA:78,5,0,16
BRDA:78,5,1,3
BRDA:79,6,0,16
BRDA:79,6,1,0
BRDA:79,7,0,16
BRDA:79,7,1,16
BRDA:83,8,0,1
BRDA:83,8,1,2
BRDA:91,9,0,3
BRDA:91,9,1,16
BRDA:113,10,0,3
BRDA:113,10,1,17
BRDA:114,11,0,20
BRDA:114,11,1,20
BRDA:114,11,2,17
BRDA:114,11,3,4
BRDA:114,11,4,3
BRDA:114,11,5,3
BRF:28
BRH:25
end_of_record
TN:
SF:C:\WWWR00T\test\bootstrap\bootstrap-frontend-vue-auth\src\components\app\breadcrumbs.vue
FN:23,_default
FNF:1
FNH:1
FNDA:1,_default
DA:24,1
LF:1
LH:1
BRF:0
BRH:0
end_of_record
TN:
SF:C:\WWWR00T\test\bootstrap\bootstrap-frontend-vue-auth\src\components\app\message.vue
FN:21,data
FN:27,color
FN:47,input
FNF:3
FNH:3
FNDA:6,data
FNDA:8,color
FNDA:3,input
DA:22,6
DA:28,8
DA:48,3
LF:3
LH:3
BRDA:28,0,0,1
BRDA:28,0,1,7
BRF:2
BRH:2
end_of_record
TN:
SF:C:\WWWR00T\test\bootstrap\bootstrap-frontend-vue-auth\src\components\app\scroll-top.vue
FN:31,data
FN:51,style
FN:59,scrollObserver
FN:62,scrollTop
FN:63,(anonymous_5)
FNF:5
FNH:5
FNDA:1,data
FNDA:1,style
FNDA:2,scrollObserver
FNDA:1,scrollTop
FNDA:6,(anonymous_5)
DA:32,1
DA:52,1
DA:60,2
DA:62,1
DA:63,1
DA:64,6
DA:65,5
DA:67,1
LF:8
LH:8
BRDA:64,0,0,5
BRDA:64,0,1,1
BRF:2
BRH:2
end_of_record
TN:
SF:C:\WWWR00T\test\bootstrap\bootstrap-frontend-vue-auth\src\components\app\spinner.vue
FN:46,data
FN:53,active
FN:56,(anonymous_3)
FN:76,timedout
FNF:4
FNH:4
FNDA:1,data
FNDA:3,active
FNDA:1,(anonymous_3)
FNDA:1,timedout
DA:47,1
DA:53,3
DA:54,3
DA:55,3
DA:56,2
DA:57,1
DA:60,3
DA:61,1
DA:62,1
DA:77,1
DA:78,1
LF:11
LH:11
BRDA:55,0,0,2
BRDA:55,0,1,1
BRDA:55,1,0,3
BRDA:55,1,1,2
BRDA:60,2,0,1
BRDA:60,2,1,2
BRDA:60,3,0,3
BRDA:60,3,1,1
BRF:8
BRH:8
end_of_record
TN:
SF:C:\WWWR00T\test\bootstrap\bootstrap-frontend-vue-auth\src\config\index.js
FNF:0
FNH:0
DA:1,15
DA:9,15
DA:13,15
DA:15,15
DA:21,15
LF:5
LH:5
BRDA:21,0,0,15
BRDA:21,0,1,0
BRF:2
BRH:1
end_of_record
TN:
SF:C:\WWWR00T\test\bootstrap\bootstrap-frontend-vue-auth\src\event-bus\index.js
FN:19,(anonymous_0)
FN:22,(anonymous_1)
FNF:2
FNH:0
FNDA:0,(anonymous_0)
FNDA:0,(anonymous_1)
DA:5,26
DA:6,26
DA:17,26
DA:19,26
DA:20,0
DA:22,26
DA:23,0
LF:7
LH:5
BRF:0
BRH:0
end_of_record
TN:
SF:C:\WWWR00T\test\bootstrap\bootstrap-frontend-vue-auth\src\lib\local-storage.js
FN:1,hasStored
FN:5,getStored
FN:17,putStored
FN:21,deleteStored
FN:25,deleteAll
FNF:5
FNH:5
FNDA:52,hasStored
FNDA:48,getStored
FNDA:46,putStored
FNDA:6,deleteStored
FNDA:1,deleteAll
DA:2,52
DA:6,48
DA:7,13
DA:8,13
DA:10,0
DA:13,35
DA:18,46
DA:22,6
DA:26,1
LF:9
LH:8
BRDA:6,0,0,13
BRDA:6,0,1,35
BRF:2
BRH:2
end_of_record
TN:
SF:C:\WWWR00T\test\bootstrap\bootstrap-frontend-vue-auth\src\lib\session-storage.js
FN:1,hasStored
FN:5,getStored
FN:18,putStored
FN:22,deleteStored
FN:26,deleteAll
FNF:5
FNH:5
FNDA:15,hasStored
FNDA:11,getStored
FNDA:5,putStored
FNDA:2,deleteStored
FNDA:1,deleteAll
DA:2,15
DA:6,11
DA:7,5
DA:8,5
DA:10,0
DA:11,0
DA:14,6
DA:19,5
DA:23,2
DA:27,1
LF:10
LH:8
BRDA:6,0,0,5
BRDA:6,0,1,6
BRF:2
BRH:2
end_of_record
TN:
SF:C:\WWWR00T\test\bootstrap\bootstrap-frontend-vue-auth\src\lib\validation.js
FN:2,(anonymous_0)
FN:3,(anonymous_1)
FN:4,(anonymous_2)
FN:5,(anonymous_3)
FN:6,(anonymous_4)
FN:7,(anonymous_5)
FN:9,(anonymous_6)
FN:10,(anonymous_7)
FN:11,(anonymous_8)
FN:14,(anonymous_9)
FN:20,(anonymous_10)
FN:21,(anonymous_11)
FN:25,(anonymous_12)
FN:26,(anonymous_13)
FN:31,(anonymous_14)
FNF:15
FNH:2
FNDA:0,(anonymous_0)
FNDA:0,(anonymous_1)
FNDA:0,(anonymous_2)
FNDA:0,(anonymous_3)
FNDA:0,(anonymous_4)
FNDA:0,(anonymous_5)
FNDA:0,(anonymous_6)
FNDA:0,(anonymous_7)
FNDA:0,(anonymous_8)
FNDA:0,(anonymous_9)
FNDA:2,(anonymous_10)
FNDA:0,(anonymous_11)
FNDA:2,(anonymous_12)
FNDA:0,(anonymous_13)
FNDA:0,(anonymous_14)
DA:1,8
DA:2,0
DA:3,0
DA:4,0
DA:5,0
DA:6,0
DA:7,0
DA:9,0
DA:10,0
DA:12,0
DA:15,0
DA:20,8
DA:21,2
DA:22,0
DA:25,8
DA:26,2
DA:27,0
DA:31,8
DA:32,0
DA:33,0
DA:35,0
LF:21
LH:6
BRDA:2,0,0,0
BRDA:2,0,1,0
BRDA:3,1,0,0
BRDA:3,1,1,0
BRDA:4,2,0,0
BRDA:4,2,1,0
BRDA:4,2,2,0
BRDA:5,3,0,0
BRDA:5,3,1,0
BRDA:5,3,2,0
BRDA:6,4,0,0
BRDA:6,4,1,0
BRDA:7,5,0,0
BRDA:7,5,1,0
BRDA:9,6,0,0
BRDA:9,6,1,0
BRDA:10,7,0,0
BRDA:10,7,1,0
BRDA:12,8,0,0
BRDA:12,8,1,0
BRDA:15,9,0,0
BRDA:15,9,1,0
BRDA:22,10,0,0
BRDA:22,10,1,0
BRDA:27,11,0,0
BRDA:27,11,1,0
BRDA:32,12,0,0
BRDA:32,12,1,0
BRDA:33,13,0,0
BRDA:33,13,1,0
BRF:30
BRH:0
end_of_record
TN:
SF:C:\WWWR00T\test\bootstrap\bootstrap-frontend-vue-auth\src\router\activator.js
FN:5,activator
FNF:1
FNH:1
FNDA:3,activator
DA:6,3
DA:7,3
DA:8,3
DA:9,1
DA:10,1
DA:11,1
DA:12,1
DA:14,2
LF:8
LH:8
BRF:0
BRH:0
end_of_record
TN:
SF:C:\WWWR00T\test\bootstrap\bootstrap-frontend-vue-auth\src\router\index.js
FN:8,load
FN:12,(anonymous_1)
FN:20,(anonymous_2)
FN:32,(anonymous_3)
FN:89,(anonymous_4)
FN:101,(anonymous_5)
FNF:6
FNH:3
FNDA:64,load
FNDA:9,(anonymous_1)
FNDA:15,(anonymous_2)
FNDA:0,(anonymous_3)
FNDA:0,(anonymous_4)
FNDA:0,(anonymous_5)
DA:6,8
DA:9,64
DA:12,8
DA:13,9
DA:14,8
DA:15,8
DA:17,1
DA:20,8
DA:21,15
DA:22,4
DA:23,0
DA:24,0
DA:26,4
DA:28,4
DA:30,11
DA:32,8
DA:33,0
DA:34,0
DA:35,0
DA:37,0
DA:90,0
DA:91,0
DA:92,0
DA:94,0
DA:102,0
DA:103,0
DA:104,0
DA:105,0
DA:107,0
DA:116,8
DA:117,0
DA:119,8
LF:32
LH:16
BRDA:13,0,0,8
BRDA:13,0,1,1
BRDA:21,1,0,4
BRDA:21,1,1,11
BRDA:22,2,0,0
BRDA:22,2,1,4
BRDA:33,3,0,0
BRDA:33,3,1,0
BRDA:91,4,0,0
BRDA:91,4,1,0
BRDA:102,5,0,0
BRDA:102,5,1,0
BRDA:116,6,0,0
BRDA:116,6,1,8
BRDA:116,7,0,8
BRDA:116,7,1,0
BRF:16
BRH:7
end_of_record
TN:
SF:C:\WWWR00T\test\bootstrap\bootstrap-frontend-vue-auth\src\store\index.js
FN:10,(anonymous_0)
FN:11,(anonymous_1)
FN:28,(anonymous_2)
FN:33,(anonymous_3)
FN:40,(anonymous_4)
FNF:5
FNH:5
FNDA:1,(anonymous_0)
FNDA:11,(anonymous_1)
FNDA:6,(anonymous_2)
FNDA:1,(anonymous_3)
FNDA:1,(anonymous_4)
DA:6,10
DA:8,10
DA:9,10
DA:10,1
DA:11,11
DA:13,10
DA:15,10
DA:17,10
DA:28,10
DA:29,6
DA:30,6
DA:33,10
DA:34,1
DA:35,1
DA:36,1
DA:39,10
DA:40,1
DA:41,1
DA:42,1
DA:43,1
LF:20
LH:20
BRDA:39,0,0,1
BRDA:39,0,1,9
BRF:2
BRH:2
end_of_record
TN:
SF:C:\WWWR00T\test\bootstrap\bootstrap-frontend-vue-auth\src\store\modules\account.js
FN:6,(anonymous_0)
FN:10,(anonymous_1)
FN:14,(anonymous_2)
FN:25,(anonymous_3)
FN:26,(anonymous_4)
FN:27,(anonymous_5)
FN:28,(anonymous_6)
FN:29,(anonymous_7)
FN:33,(anonymous_8)
FN:37,(anonymous_9)
FN:41,(anonymous_10)
FN:45,(anonymous_11)
FN:56,(anonymous_12)
FN:64,(anonymous_13)
FNF:14
FNH:14
FNDA:36,(anonymous_0)
FNDA:30,(anonymous_1)
FNDA:4,(anonymous_2)
FNDA:2,(anonymous_3)
FNDA:1,(anonymous_4)
FNDA:1,(anonymous_5)
FNDA:4,(anonymous_6)
FNDA:11,(anonymous_7)
FNDA:4,(anonymous_8)
FNDA:7,(anonymous_9)
FNDA:7,(anonymous_10)
FNDA:4,(anonymous_11)
FNDA:2,(anonymous_12)
FNDA:3,(anonymous_13)
DA:6,12
DA:7,36
DA:10,12
DA:11,30
DA:14,12
DA:15,4
DA:18,12
DA:24,12
DA:25,2
DA:26,1
DA:27,1
DA:28,4
DA:29,11
DA:32,12
DA:34,4
DA:35,4
DA:38,7
DA:39,7
DA:42,7
DA:43,7
DA:46,4
DA:47,4
DA:48,4
DA:49,4
DA:50,4
DA:51,4
DA:52,4
DA:53,4
DA:54,4
DA:57,2
DA:58,2
DA:59,2
DA:60,2
DA:61,2
DA:62,2
DA:65,3
DA:66,3
LF:37
LH:37
BRDA:29,0,0,11
BRDA:29,0,1,11
BRDA:65,1,0,3
BRDA:65,1,1,0
BRF:4
BRH:3
end_of_record
TN:
SF:C:\WWWR00T\test\bootstrap\bootstrap-frontend-vue-auth\src\traits\formatting.js
FN:31,formatBytes
FN:41,shortenStr
FN:48,zeroPad
FN:52,getMonthDateName
FN:69,getMonthName
FN:86,utcToLocal
FN:89,localToUtc
FN:92,utcToMoscow
FN:95,localToMoscow
FN:99,_quantity
FN:115,questions
FN:119,attempts
FN:123,hours
FN:127,minutes
FN:131,seconds
FNF:15
FNH:8
FNDA:6,formatBytes
FNDA:4,shortenStr
FNDA:0,zeroPad
FNDA:3,getMonthDateName
FNDA:2,getMonthName
FNDA:4,utcToLocal
FNDA:1,localToUtc
FNDA:1,utcToMoscow
FNDA:1,localToMoscow
FNDA:0,_quantity
FNDA:0,questions
FNDA:0,attempts
FNDA:0,hours
FNDA:0,minutes
FNDA:0,seconds
DA:25,10
DA:26,10
DA:28,10
DA:29,10
DA:32,6
DA:33,6
DA:34,6
DA:35,6
DA:36,6
DA:37,6
DA:38,6
DA:42,4
DA:49,0
DA:53,3
DA:67,3
DA:70,2
DA:84,2
DA:87,4
DA:90,1
DA:93,1
DA:96,1
DA:100,0
DA:101,0
DA:103,0
DA:105,0
DA:109,0
DA:111,0
DA:116,0
DA:120,0
DA:124,0
DA:128,0
DA:132,0
DA:138,2
DA:139,1
DA:141,1
DA:145,2
DA:146,1
DA:148,1
DA:152,2
DA:153,1
DA:155,1
DA:159,4
DA:160,1
DA:162,3
DA:166,1
DA:167,1
DA:169,0
DA:173,1
DA:174,1
DA:176,0
DA:180,1
DA:181,1
DA:182,1
DA:183,1
DA:184,1
DA:185,1
DA:188,6
DA:191,0
DA:194,0
DA:197,0
DA:200,0
DA:203,0
DA:206,1
DA:209,1
DA:212,1
DA:215,1
DA:220,2
DA:223,2
DA:226,1
DA:229,1
DA:232,1
DA:235,1
DA:238,0
DA:241,0
DA:244,0
DA:247,0
DA:250,0
DA:253,0
DA:256,0
DA:259,0
DA:262,0
DA:265,0
LF:82
LH:53
BRDA:33,0,0,0
BRDA:33,0,1,6
BRDA:35,1,0,6
BRDA:35,1,1,6
BRDA:100,2,0,0
BRDA:100,2,1,0
BRDA:100,3,0,0
BRDA:100,3,1,0
BRDA:103,4,0,0
BRDA:103,4,1,0
BRDA:103,4,2,0
BRDA:103,4,3,0
BRDA:103,4,4,0
BRDA:138,5,0,1
BRDA:138,5,1,1
BRDA:145,6,0,1
BRDA:145,6,1,1
BRDA:152,7,0,1
BRDA:152,7,1,1
BRDA:159,8,0,1
BRDA:159,8,1,3
BRDA:166,9,0,1
BRDA:166,9,1,0
BRDA:173,10,0,1
BRDA:173,10,1,0
BRF:25
BRH:13
end_of_record
TN:
SF:C:\WWWR00T\test\bootstrap\bootstrap-frontend-vue-auth\src\views\about.vue
FN:43,data
FNF:1
FNH:1
FNDA:1,data
DA:37,9
DA:38,9
DA:39,9
DA:44,1
LF:4
LH:4
BRF:0
BRH:0
end_of_record
TN:
SF:C:\WWWR00T\test\bootstrap\bootstrap-frontend-vue-auth\src\views\change-password.vue
FN:66,data
FN:83,(anonymous_13)
FN:91,changePassword
FN:93,(anonymous_15)
FN:97,(anonymous_16)
FN:120,clearErrors
FN:123,gatherErrors
FN:136,errors
FN:138,(anonymous_23)
FN:141,(anonymous_24)
FNF:10
FNH:9
FNDA:1,data
FNDA:0,(anonymous_13)
FNDA:3,changePassword
FNDA:3,(anonymous_15)
FNDA:23,(anonymous_16)
FNDA:6,clearErrors
FNDA:2,gatherErrors
FNDA:39,errors
FNDA:9,(anonymous_23)
FNDA:3,(anonymous_24)
DA:56,8
DA:57,8
DA:58,8
DA:59,8
DA:60,8
DA:61,8
DA:62,8
DA:66,1
DA:67,1
DA:85,0
DA:91,3
DA:92,3
DA:93,3
DA:94,3
DA:97,65
DA:98,3
DA:100,3
DA:105,3
DA:114,1
DA:115,1
DA:117,2
DA:121,6
DA:124,2
DA:125,1
DA:127,1
DA:137,39
DA:138,39
DA:140,9
DA:143,3
LF:29
LH:28
BRDA:85,0,0,0
BRDA:85,0,1,0
BRDA:97,1,0,3
BRDA:97,1,1,0
BRDA:97,1,2,3
BRDA:97,1,3,3
BRDA:97,1,4,1
BRDA:97,1,5,2
BRDA:97,1,6,3
BRDA:97,1,7,3
BRDA:97,2,0,0
BRDA:97,2,1,0
BRDA:124,3,0,1
BRDA:124,3,1,1
BRDA:137,4,0,39
BRDA:137,4,1,0
BRDA:143,5,0,3
BRDA:143,5,1,2
BRF:18
BRH:12
end_of_record
TN:
SF:C:\WWWR00T\test\bootstrap\bootstrap-frontend-vue-auth\src\views\login.vue
FN:124,data
FN:137,loginTraditional
FN:139,(anonymous_14)
FN:143,loginPasswordless
FN:145,(anonymous_16)
FN:149,resetPassword
FN:151,(anonymous_18)
FN:155,(anonymous_19)
FN:180,(anonymous_23)
FN:196,(anonymous_27)
FN:213,clearErrors
FN:216,gatherErrors
FN:233,errors
FN:235,(anonymous_34)
FN:238,(anonymous_35)
FNF:15
FNH:15
FNDA:1,data
FNDA:4,loginTraditional
FNDA:4,(anonymous_14)
FNDA:3,loginPasswordless
FNDA:3,(anonymous_16)
FNDA:3,resetPassword
FNDA:3,(anonymous_18)
FNDA:28,(anonymous_19)
FNDA:23,(anonymous_23)
FNDA:23,(anonymous_27)
FNDA:10,clearErrors
FNDA:7,gatherErrors
FNDA:132,errors
FNDA:120,(anonymous_34)
FNDA:45,(anonymous_35)
DA:112,8
DA:113,8
DA:114,8
DA:115,8
DA:116,8
DA:117,8
DA:118,8
DA:119,8
DA:120,8
DA:125,1
DA:137,4
DA:138,4
DA:139,4
DA:140,4
DA:143,3
DA:144,3
DA:145,3
DA:146,3
DA:149,3
DA:150,3
DA:151,3
DA:152,3
DA:155,81
DA:157,4
DA:162,4
DA:166,1
DA:170,1
DA:171,1
DA:172,1
DA:173,1
DA:174,1
DA:176,3
DA:180,68
DA:182,3
DA:187,3
DA:191,1
DA:193,2
DA:196,68
DA:198,3
DA:203,3
DA:207,1
DA:209,2
DA:214,10
DA:217,7
DA:218,0
DA:220,7
DA:234,132
DA:235,132
DA:237,120
DA:240,45
LF:50
LH:49
BRDA:155,0,0,4
BRDA:155,0,1,0
BRDA:155,0,2,4
BRDA:155,0,3,4
BRDA:155,0,4,1
BRDA:155,0,5,3
BRDA:155,0,6,4
BRDA:155,0,7,4
BRDA:155,1,0,0
BRDA:155,1,1,0
BRDA:180,2,0,3
BRDA:180,2,1,0
BRDA:180,2,2,3
BRDA:180,2,3,3
BRDA:180,2,4,1
BRDA:180,2,5,2
BRDA:180,2,6,3
BRDA:180,2,7,3
BRDA:180,3,0,0
BRDA:180,3,1,0
BRDA:196,4,0,3
BRDA:196,4,1,0
BRDA:196,4,2,3
BRDA:196,4,3,3
BRDA:196,4,4,1
BRDA:196,4,5,2
BRDA:196,4,6,3
BRDA:196,4,7,3
BRDA:196,5,0,0
BRDA:196,5,1,0
BRDA:217,6,0,0
BRDA:217,6,1,7
BRDA:234,7,0,132
BRDA:234,7,1,0
BRDA:240,8,0,45
BRDA:240,8,1,0
BRF:36
BRH:24
end_of_record
TN:
SF:C:\WWWR00T\test\bootstrap\bootstrap-frontend-vue-auth\src\views\profile.vue
FN:48,data
FN:59,mounted
FN:63,errors
FN:65,(anonymous_9)
FN:68,(anonymous_10)
FN:74,clearErrors
FN:77,gatherErrors
FN:89,getProfile
FN:90,(anonymous_14)
FN:95,updateProfile
FN:102,(anonymous_16)
FN:106,(anonymous_17)
FNF:12
FNH:0
FNDA:0,data
FNDA:0,mounted
FNDA:0,errors
FNDA:0,(anonymous_9)
FNDA:0,(anonymous_10)
FNDA:0,clearErrors
FNDA:0,gatherErrors
FNDA:0,getProfile
FNDA:0,(anonymous_14)
FNDA:0,updateProfile
FNDA:0,(anonymous_16)
FNDA:0,(anonymous_17)
DA:38,8
DA:39,8
DA:40,8
DA:41,8
DA:42,8
DA:43,8
DA:44,8
DA:49,0
DA:60,0
DA:64,0
DA:65,0
DA:67,0
DA:70,0
DA:75,0
DA:78,0
DA:79,0
DA:81,0
DA:89,0
DA:90,0
DA:92,0
DA:95,0
DA:96,0
DA:97,0
DA:98,0
DA:99,0
DA:100,0
DA:102,0
DA:104,0
DA:105,0
DA:107,0
LF:30
LH:7
BRDA:64,0,0,0
BRDA:64,0,1,0
BRDA:78,1,0,0
BRDA:78,1,1,0
BRDA:98,2,0,0
BRDA:98,2,1,0
BRF:6
BRH:0
end_of_record
TN:
SF:C:\WWWR00T\test\bootstrap\bootstrap-frontend-vue-auth\src\views\register.vue
FN:67,data
FN:81,(anonymous_3)
FN:89,errors
FN:91,(anonymous_5)
FN:94,(anonymous_6)
FN:100,clearErrors
FN:103,gatherErrors
FN:124,focusPassword
FN:127,register
FN:133,(anonymous_11)
FN:141,(anonymous_12)
FNF:11
FNH:0
FNDA:0,data
FNDA:0,(anonymous_3)
FNDA:0,errors
FNDA:0,(anonymous_5)
FNDA:0,(anonymous_6)
FNDA:0,clearErrors
FNDA:0,gatherErrors
FNDA:0,focusPassword
FNDA:0,register
FNDA:0,(anonymous_11)
FNDA:0,(anonymous_12)
DA:57,8
DA:58,8
DA:59,8
DA:60,8
DA:61,8
DA:62,8
DA:63,8
DA:67,0
DA:68,0
DA:83,0
DA:90,0
DA:91,0
DA:93,0
DA:96,0
DA:101,0
DA:104,0
DA:105,0
DA:106,0
DA:108,0
DA:116,0
DA:125,0
DA:127,0
DA:128,0
DA:129,0
DA:130,0
DA:131,0
DA:133,0
DA:140,0
DA:143,0
LF:29
LH:7
BRDA:83,0,0,0
BRDA:83,0,1,0
BRDA:90,1,0,0
BRDA:90,1,1,0
BRDA:96,2,0,0
BRDA:96,2,1,0
BRDA:104,3,0,0
BRDA:104,3,1,0
BRDA:104,4,0,0
BRDA:104,4,1,0
BRDA:105,5,0,0
BRDA:105,5,1,0
BRDA:105,6,0,0
BRDA:105,6,1,0
BRDA:130,7,0,0
BRDA:130,7,1,0
BRF:16
BRH:0
end_of_record
TN:
SF:C:\WWWR00T\test\bootstrap\bootstrap-frontend-vue-auth\src\views\reset-password.vue
FN:56,data
FN:69,(anonymous_13)
FN:77,resetPassword
FN:79,(anonymous_15)
FN:83,(anonymous_16)
FN:104,clearErrors
FN:107,gatherErrors
FN:120,errors
FN:122,(anonymous_23)
FN:125,(anonymous_24)
FNF:10
FNH:9
FNDA:1,data
FNDA:0,(anonymous_13)
FNDA:3,resetPassword
FNDA:3,(anonymous_15)
FNDA:23,(anonymous_16)
FNDA:3,clearErrors
FNDA:2,gatherErrors
FNDA:18,errors
FNDA:6,(anonymous_23)
FNDA:3,(anonymous_24)
DA:46,8
DA:47,8
DA:48,8
DA:49,8
DA:50,8
DA:51,8
DA:52,8
DA:56,1
DA:57,1
DA:71,0
DA:77,3
DA:78,3
DA:79,3
DA:80,3
DA:83,65
DA:85,3
DA:90,3
DA:98,1
DA:99,1
DA:101,2
DA:105,3
DA:108,2
DA:109,1
DA:111,1
DA:121,18
DA:122,18
DA:124,6
DA:127,3
LF:28
LH:27
BRDA:71,0,0,0
BRDA:71,0,1,0
BRDA:83,1,0,3
BRDA:83,1,1,0
BRDA:83,1,2,3
BRDA:83,1,3,3
BRDA:83,1,4,1
BRDA:83,1,5,2
BRDA:83,1,6,3
BRDA:83,1,7,3
BRDA:83,2,0,0
BRDA:83,2,1,0
BRDA:108,3,0,1
BRDA:108,3,1,1
BRDA:121,4,0,18
BRDA:121,4,1,0
BRDA:127,5,0,3
BRDA:127,5,1,2
BRF:18
BRH:12
end_of_record
TN:
SF:C:\WWWR00T\test\bootstrap\bootstrap-frontend-vue-auth\src\views\root.vue
FN:46,data
FN:52,mounted
FNF:2
FNH:2
FNDA:1,data
FNDA:1,mounted
DA:42,8
DA:43,8
DA:47,1
DA:53,1
LF:4
LH:4
BRF:0
BRH:0
end_of_record
TN:
SF:C:\WWWR00T\test\bootstrap\bootstrap-frontend-vue-auth\tests\unit\setup.js
FN:11,(anonymous_0)
FN:12,(anonymous_1)
FNF:2
FNH:2
FNDA:2,(anonymous_0)
FNDA:8,(anonymous_1)
DA:8,26
DA:9,26
DA:11,26
DA:12,26
DA:13,26
LF:5
LH:5
BRF:0
BRH:0
end_of_record
TN:
SF:C:\WWWR00T\test\bootstrap\bootstrap-frontend-vue-auth\tests\unit\mocks\axios.mock.js
FN:6,(anonymous_0)
FN:7,(anonymous_1)
FN:9,(anonymous_2)
FN:13,(anonymous_3)
FN:21,(anonymous_4)
FN:29,(anonymous_5)
FN:39,(anonymous_6)
FNF:7
FNH:6
FNDA:37,(anonymous_0)
FNDA:37,(anonymous_1)
FNDA:15,(anonymous_2)
FNDA:20,(anonymous_3)
FNDA:10,(anonymous_4)
FNDA:10,(anonymous_5)
FNDA:0,(anonymous_6)
DA:6,26
DA:7,37
DA:8,37
DA:10,15
DA:11,15
DA:14,20
DA:15,20
DA:16,20
DA:21,26
DA:23,10
DA:29,26
DA:31,10
DA:39,26
DA:40,0
DA:45,26
DA:47,26
LF:16
LH:15
BRDA:10,0,0,15
BRDA:10,0,1,0
BRDA:14,1,0,20
BRDA:14,1,1,19
BRDA:21,2,0,10
BRDA:29,3,0,0
BRF:6
BRH:4
end_of_record
TN:
SF:C:\WWWR00T\test\bootstrap\bootstrap-frontend-vue-auth\tests\unit\mocks\local-storage.mock.js
FN:1,(anonymous_0)
FN:4,(anonymous_1)
FN:7,(anonymous_2)
FN:14,(anonymous_3)
FN:17,(anonymous_4)
FNF:5
FNH:5
FNDA:26,(anonymous_0)
FNDA:65,(anonymous_1)
FNDA:46,(anonymous_2)
FNDA:1,(anonymous_3)
FNDA:6,(anonymous_4)
DA:1,26
DA:2,26
DA:3,26
DA:5,65
DA:8,46
DA:9,0
DA:11,46
DA:15,1
DA:18,6
DA:22,26
LF:10
LH:9
BRDA:8,0,0,0
BRDA:8,0,1,46
BRDA:8,1,0,46
BRDA:8,1,1,46
BRF:4
BRH:3
end_of_record
TN:
SF:C:\WWWR00T\test\bootstrap\bootstrap-frontend-vue-auth\tests\unit\mocks\session-storage.mock.js
FN:1,(anonymous_0)
FN:4,(anonymous_1)
FN:7,(anonymous_2)
FN:14,(anonymous_3)
FN:17,(anonymous_4)
FNF:5
FNH:5
FNDA:1,(anonymous_0)
FNDA:20,(anonymous_1)
FNDA:5,(anonymous_2)
FNDA:1,(anonymous_3)
FNDA:2,(anonymous_4)
DA:1,1
DA:2,1
DA:3,1
DA:5,20
DA:8,5
DA:9,0
DA:11,5
DA:15,1
DA:18,2
DA:22,1
LF:10
LH:9
BRDA:8,0,0,0
BRDA:8,0,1,5
BRDA:8,1,0,5
BRDA:8,1,1,5
BRF:4
BRH:3
end_of_record
